
Test case V2DispatcherReqRespTests1_SPEC2_19_ForwardJSPEventRequest_getAttribute failed.  Setup link could not be accessed. 
     [java] Exception: org.openqa.selenium.TimeoutException: Timed out after 3 seconds waiting for visibility of element located by By.id: V2DispatcherReqRespTests1_SPEC2_19_ForwardJSPEventRequest_getAttribute-result
     [java] Build info: version: '2.53.1', revision: 'a36b8b1cd5757287168e54b817830adce9b0158d', time: '2016-06-30 19:26:09'
     [java] System info: host: 'first-liferay.local', ip: '192.168.0.4', os.name: 'Mac OS X', os.arch: 'x86_64', os.version: '10.13.3', java.version: '1.8.0_112'
     [java] Driver info: org.openqa.selenium.chrome.ChromeDriver
     [java] Capabilities [{applicationCacheEnabled=false, rotatable=false, mobileEmulationEnabled=false, networkConnectionEnabled=false, chrome={chromedriverVersion=2.29.461585 (0be2cd95f834e9ee7c46bcc7cf405b483f5ae83b), userDataDir=/var/folders/k0/dstgl9bn04n39ycq5yvdwjnr0000gn/T/.org.chromium.Chromium.XiChfP}, takesHeapSnapshot=true, pageLoadStrategy=normal, databaseEnabled=false, handlesAlerts=true, hasTouchScreen=false, version=59.0.3064.0, platform=MAC, browserConnectionEnabled=false, nativeEvents=true, acceptSslCerts=true, locationContextEnabled=true, webStorageEnabled=true, browserName=chrome, takesScreenshot=true, javascriptEnabled=true, cssSelectorsEnabled=true, unexpectedAlertBehaviour=}]
     [java] Session ID: 7ed0bebfb911c0e04b8ea18521904740
     [java]   TCKLiferayTestDriver.test:178 Test case V2DispatcherReqRespTests1_SPEC2_19_ForwardJSPEventRequest_getAttributeNames failed.  Setup link could not be accessed. 
     [java] Exception: org.openqa.selenium.TimeoutException: Timed out after 3 seconds waiting for visibility of element located by By.id: V2DispatcherReqRespTests1_SPEC2_19_ForwardJSPEventRequest_getAttributeNames-result
     [java] Build info: version: '2.53.1', revision: 'a36b8b1cd5757287168e54b817830adce9b0158d', time: '2016-06-30 19:26:09'
     [java] System info: host: 'first-liferay.local', ip: '192.168.0.4', os.name: 'Mac OS X', os.arch: 'x86_64', os.version: '10.13.3', java.version: '1.8.0_112'
     [java] Driver info: org.openqa.selenium.chrome.ChromeDriver
     [java] Capabilities [{applicationCacheEnabled=false, rotatable=false, mobileEmulationEnabled=false, networkConnectionEnabled=false, chrome={chromedriverVersion=2.29.461585 (0be2cd95f834e9ee7c46bcc7cf405b483f5ae83b), userDataDir=/var/folders/k0/dstgl9bn04n39ycq5yvdwjnr0000gn/T/.org.chromium.Chromium.XiChfP}, takesHeapSnapshot=true, pageLoadStrategy=normal, databaseEnabled=false, handlesAlerts=true, hasTouchScreen=false, version=59.0.3064.0, platform=MAC, browserConnectionEnabled=false, nativeEvents=true, acceptSslCerts=true, locationContextEnabled=true, webStorageEnabled=true, browserName=chrome, takesScreenshot=true, javascriptEnabled=true, cssSelectorsEnabled=true, unexpectedAlertBehaviour=}]
     [java] Session ID: 7ed0bebfb911c0e04b8ea18521904740
     [java]   TCKLiferayTestDriver.test:178 Test case V2DispatcherReqRespTests1_SPEC2_19_ForwardJSPEventRequest_getAuthType failed.  Setup link could not be accessed. 
     [java] Exception: org.openqa.selenium.TimeoutException: Timed out after 3 seconds waiting for visibility of element located by By.id: V2DispatcherReqRespTests1_SPEC2_19_ForwardJSPEventRequest_getAuthType-result
     [java] Build info: version: '2.53.1', revision: 'a36b8b1cd5757287168e54b817830adce9b0158d', time: '2016-06-30 19:26:09'
     [java] System info: host: 'first-liferay.local', ip: '192.168.0.4', os.name: 'Mac OS X', os.arch: 'x86_64', os.version: '10.13.3', java.version: '1.8.0_112'
     [java] Driver info: org.openqa.selenium.chrome.ChromeDriver
     [java] Capabilities [{applicationCacheEnabled=false, rotatable=false, mobileEmulationEnabled=false, networkConnectionEnabled=false, chrome={chromedriverVersion=2.29.461585 (0be2cd95f834e9ee7c46bcc7cf405b483f5ae83b), userDataDir=/var/folders/k0/dstgl9bn04n39ycq5yvdwjnr0000gn/T/.org.chromium.Chromium.XiChfP}, takesHeapSnapshot=true, pageLoadStrategy=normal, databaseEnabled=false, handlesAlerts=true, hasTouchScreen=false, version=59.0.3064.0, platform=MAC, browserConnectionEnabled=false, nativeEvents=true, acceptSslCerts=true, locationContextEnabled=true, webStorageEnabled=true, browserName=chrome, takesScreenshot=true, javascriptEnabled=true, cssSelectorsEnabled=true, unexpectedAlertBehaviour=}]
     [java] Session ID: 7ed0bebfb911c0e04b8ea18521904740
     [java]   TCKLiferayTestDriver.test:178 Test case V2DispatcherReqRespTests1_SPEC2_19_ForwardJSPEventRequest_getCharacterEncoding failed.  Setup link could not be accessed. 
     [java] Exception: org.openqa.selenium.TimeoutException: Timed out after 3 seconds waiting for visibility of element located by By.id: V2DispatcherReqRespTests1_SPEC2_19_ForwardJSPEventRequest_getCharacterEncoding-result
     [java] Build info: version: '2.53.1', revision: 'a36b8b1cd5757287168e54b817830adce9b0158d', time: '2016-06-30 19:26:09'
     [java] System info: host: 'first-liferay.local', ip: '192.168.0.4', os.name: 'Mac OS X', os.arch: 'x86_64', os.version: '10.13.3', java.version: '1.8.0_112'
     [java] Driver info: org.openqa.selenium.chrome.ChromeDriver
     [java] Capabilities [{applicationCacheEnabled=false, rotatable=false, mobileEmulationEnabled=false, networkConnectionEnabled=false, chrome={chromedriverVersion=2.29.461585 (0be2cd95f834e9ee7c46bcc7cf405b483f5ae83b), userDataDir=/var/folders/k0/dstgl9bn04n39ycq5yvdwjnr0000gn/T/.org.chromium.Chromium.XiChfP}, takesHeapSnapshot=true, pageLoadStrategy=normal, databaseEnabled=false, handlesAlerts=true, hasTouchScreen=false, version=59.0.3064.0, platform=MAC, browserConnectionEnabled=false, nativeEvents=true, acceptSslCerts=true, locationContextEnabled=true, webStorageEnabled=true, browserName=chrome, takesScreenshot=true, javascriptEnabled=true, cssSelectorsEnabled=true, unexpectedAlertBehaviour=}]
     [java] Session ID: 7ed0bebfb911c0e04b8ea18521904740
     [java]   TCKLiferayTestDriver.test:178 Test case V2DispatcherReqRespTests1_SPEC2_19_ForwardJSPEventRequest_getContentLength failed.  Setup link could not be accessed. 
     [java] Exception: org.openqa.selenium.TimeoutException: Timed out after 3 seconds waiting for visibility of element located by By.id: V2DispatcherReqRespTests1_SPEC2_19_ForwardJSPEventRequest_getContentLength-result
     [java] Build info: version: '2.53.1', revision: 'a36b8b1cd5757287168e54b817830adce9b0158d', time: '2016-06-30 19:26:09'
     [java] System info: host: 'first-liferay.local', ip: '192.168.0.4', os.name: 'Mac OS X', os.arch: 'x86_64', os.version: '10.13.3', java.version: '1.8.0_112'
     [java] Driver info: org.openqa.selenium.chrome.ChromeDriver
     [java] Capabilities [{applicationCacheEnabled=false, rotatable=false, mobileEmulationEnabled=false, networkConnectionEnabled=false, chrome={chromedriverVersion=2.29.461585 (0be2cd95f834e9ee7c46bcc7cf405b483f5ae83b), userDataDir=/var/folders/k0/dstgl9bn04n39ycq5yvdwjnr0000gn/T/.org.chromium.Chromium.XiChfP}, takesHeapSnapshot=true, pageLoadStrategy=normal, databaseEnabled=false, handlesAlerts=true, hasTouchScreen=false, version=59.0.3064.0, platform=MAC, browserConnectionEnabled=false, nativeEvents=true, acceptSslCerts=true, locationContextEnabled=true, webStorageEnabled=true, browserName=chrome, takesScreenshot=true, javascriptEnabled=true, cssSelectorsEnabled=true, unexpectedAlertBehaviour=}]
     [java] Session ID: 7ed0bebfb911c0e04b8ea18521904740
     [java]   TCKLiferayTestDriver.test:178 Test case V2DispatcherReqRespTests1_SPEC2_19_ForwardJSPEventRequest_getContentType failed.  Setup link could not be accessed. 
     [java] Exception: org.openqa.selenium.TimeoutException: Timed out after 3 seconds waiting for visibility of element located by By.id: V2DispatcherReqRespTests1_SPEC2_19_ForwardJSPEventRequest_getContentType-result
     [java] Build info: version: '2.53.1', revision: 'a36b8b1cd5757287168e54b817830adce9b0158d', time: '2016-06-30 19:26:09'
     [java] System info: host: 'first-liferay.local', ip: '192.168.0.4', os.name: 'Mac OS X', os.arch: 'x86_64', os.version: '10.13.3', java.version: '1.8.0_112'
     [java] Driver info: org.openqa.selenium.chrome.ChromeDriver
     [java] Capabilities [{applicationCacheEnabled=false, rotatable=false, mobileEmulationEnabled=false, networkConnectionEnabled=false, chrome={chromedriverVersion=2.29.461585 (0be2cd95f834e9ee7c46bcc7cf405b483f5ae83b), userDataDir=/var/folders/k0/dstgl9bn04n39ycq5yvdwjnr0000gn/T/.org.chromium.Chromium.XiChfP}, takesHeapSnapshot=true, pageLoadStrategy=normal, databaseEnabled=false, handlesAlerts=true, hasTouchScreen=false, version=59.0.3064.0, platform=MAC, browserConnectionEnabled=false, nativeEvents=true, acceptSslCerts=true, locationContextEnabled=true, webStorageEnabled=true, browserName=chrome, takesScreenshot=true, javascriptEnabled=true, cssSelectorsEnabled=true, unexpectedAlertBehaviour=}]
     [java] Session ID: 7ed0bebfb911c0e04b8ea18521904740
     [java]   TCKLiferayTestDriver.test:178 Test case V2DispatcherReqRespTests1_SPEC2_19_ForwardJSPEventRequest_getContextPath failed.  Setup link could not be accessed. 
     [java] Exception: org.openqa.selenium.TimeoutException: Timed out after 3 seconds waiting for visibility of element located by By.id: V2DispatcherReqRespTests1_SPEC2_19_ForwardJSPEventRequest_getContextPath-result
     [java] Build info: version: '2.53.1', revision: 'a36b8b1cd5757287168e54b817830adce9b0158d', time: '2016-06-30 19:26:09'
     [java] System info: host: 'first-liferay.local', ip: '192.168.0.4', os.name: 'Mac OS X', os.arch: 'x86_64', os.version: '10.13.3', java.version: '1.8.0_112'
     [java] Driver info: org.openqa.selenium.chrome.ChromeDriver
     [java] Capabilities [{applicationCacheEnabled=false, rotatable=false, mobileEmulationEnabled=false, networkConnectionEnabled=false, chrome={chromedriverVersion=2.29.461585 (0be2cd95f834e9ee7c46bcc7cf405b483f5ae83b), userDataDir=/var/folders/k0/dstgl9bn04n39ycq5yvdwjnr0000gn/T/.org.chromium.Chromium.XiChfP}, takesHeapSnapshot=true, pageLoadStrategy=normal, databaseEnabled=false, handlesAlerts=true, hasTouchScreen=false, version=59.0.3064.0, platform=MAC, browserConnectionEnabled=false, nativeEvents=true, acceptSslCerts=true, locationContextEnabled=true, webStorageEnabled=true, browserName=chrome, takesScreenshot=true, javascriptEnabled=true, cssSelectorsEnabled=true, unexpectedAlertBehaviour=}]
     [java] Session ID: 7ed0bebfb911c0e04b8ea18521904740
     [java]   TCKLiferayTestDriver.test:178 Test case V2DispatcherReqRespTests1_SPEC2_19_ForwardJSPEventRequest_getCookies failed.  Setup link could not be accessed. 
     [java] Exception: org.openqa.selenium.TimeoutException: Timed out after 3 seconds waiting for visibility of element located by By.id: V2DispatcherReqRespTests1_SPEC2_19_ForwardJSPEventRequest_getCookies-result
     [java] Build info: version: '2.53.1', revision: 'a36b8b1cd5757287168e54b817830adce9b0158d', time: '2016-06-30 19:26:09'
     [java] System info: host: 'first-liferay.local', ip: '192.168.0.4', os.name: 'Mac OS X', os.arch: 'x86_64', os.version: '10.13.3', java.version: '1.8.0_112'
     [java] Driver info: org.openqa.selenium.chrome.ChromeDriver
     [java] Capabilities [{applicationCacheEnabled=false, rotatable=false, mobileEmulationEnabled=false, networkConnectionEnabled=false, chrome={chromedriverVersion=2.29.461585 (0be2cd95f834e9ee7c46bcc7cf405b483f5ae83b), userDataDir=/var/folders/k0/dstgl9bn04n39ycq5yvdwjnr0000gn/T/.org.chromium.Chromium.XiChfP}, takesHeapSnapshot=true, pageLoadStrategy=normal, databaseEnabled=false, handlesAlerts=true, hasTouchScreen=false, version=59.0.3064.0, platform=MAC, browserConnectionEnabled=false, nativeEvents=true, acceptSslCerts=true, locationContextEnabled=true, webStorageEnabled=true, browserName=chrome, takesScreenshot=true, javascriptEnabled=true, cssSelectorsEnabled=true, unexpectedAlertBehaviour=}]
     [java] Session ID: 7ed0bebfb911c0e04b8ea18521904740
     [java]   TCKLiferayTestDriver.test:178 Test case V2DispatcherReqRespTests1_SPEC2_19_ForwardJSPEventRequest_getDateHeader failed.  Setup link could not be accessed. 
     [java] Exception: org.openqa.selenium.TimeoutException: Timed out after 3 seconds waiting for visibility of element located by By.id: V2DispatcherReqRespTests1_SPEC2_19_ForwardJSPEventRequest_getDateHeader-result
     [java] Build info: version: '2.53.1', revision: 'a36b8b1cd5757287168e54b817830adce9b0158d', time: '2016-06-30 19:26:09'
     [java] System info: host: 'first-liferay.local', ip: '192.168.0.4', os.name: 'Mac OS X', os.arch: 'x86_64', os.version: '10.13.3', java.version: '1.8.0_112'
     [java] Driver info: org.openqa.selenium.chrome.ChromeDriver
     [java] Capabilities [{applicationCacheEnabled=false, rotatable=false, mobileEmulationEnabled=false, networkConnectionEnabled=false, chrome={chromedriverVersion=2.29.461585 (0be2cd95f834e9ee7c46bcc7cf405b483f5ae83b), userDataDir=/var/folders/k0/dstgl9bn04n39ycq5yvdwjnr0000gn/T/.org.chromium.Chromium.XiChfP}, takesHeapSnapshot=true, pageLoadStrategy=normal, databaseEnabled=false, handlesAlerts=true, hasTouchScreen=false, version=59.0.3064.0, platform=MAC, browserConnectionEnabled=false, nativeEvents=true, acceptSslCerts=true, locationContextEnabled=true, webStorageEnabled=true, browserName=chrome, takesScreenshot=true, javascriptEnabled=true, cssSelectorsEnabled=true, unexpectedAlertBehaviour=}]
     [java] Session ID: 7ed0bebfb911c0e04b8ea18521904740
     [java]   TCKLiferayTestDriver.test:178 Test case V2DispatcherReqRespTests1_SPEC2_19_ForwardJSPEventRequest_getHeader failed.  Setup link could not be accessed. 
     [java] Exception: org.openqa.selenium.TimeoutException: Timed out after 3 seconds waiting for visibility of element located by By.id: V2DispatcherReqRespTests1_SPEC2_19_ForwardJSPEventRequest_getHeader-result
     [java] Build info: version: '2.53.1', revision: 'a36b8b1cd5757287168e54b817830adce9b0158d', time: '2016-06-30 19:26:09'
     [java] System info: host: 'first-liferay.local', ip: '192.168.0.4', os.name: 'Mac OS X', os.arch: 'x86_64', os.version: '10.13.3', java.version: '1.8.0_112'
     [java] Driver info: org.openqa.selenium.chrome.ChromeDriver
     [java] Capabilities [{applicationCacheEnabled=false, rotatable=false, mobileEmulationEnabled=false, networkConnectionEnabled=false, chrome={chromedriverVersion=2.29.461585 (0be2cd95f834e9ee7c46bcc7cf405b483f5ae83b), userDataDir=/var/folders/k0/dstgl9bn04n39ycq5yvdwjnr0000gn/T/.org.chromium.Chromium.XiChfP}, takesHeapSnapshot=true, pageLoadStrategy=normal, databaseEnabled=false, handlesAlerts=true, hasTouchScreen=false, version=59.0.3064.0, platform=MAC, browserConnectionEnabled=false, nativeEvents=true, acceptSslCerts=true, locationContextEnabled=true, webStorageEnabled=true, browserName=chrome, takesScreenshot=true, javascriptEnabled=true, cssSelectorsEnabled=true, unexpectedAlertBehaviour=}]
     [java] Session ID: 7ed0bebfb911c0e04b8ea18521904740
     [java]   TCKLiferayTestDriver.test:178 Test case V2DispatcherReqRespTests1_SPEC2_19_ForwardJSPEventRequest_getHeaderNames failed.  Setup link could not be accessed. 
     [java] Exception: org.openqa.selenium.TimeoutException: Timed out after 3 seconds waiting for visibility of element located by By.id: V2DispatcherReqRespTests1_SPEC2_19_ForwardJSPEventRequest_getHeaderNames-result
     [java] Build info: version: '2.53.1', revision: 'a36b8b1cd5757287168e54b817830adce9b0158d', time: '2016-06-30 19:26:09'
     [java] System info: host: 'first-liferay.local', ip: '192.168.0.4', os.name: 'Mac OS X', os.arch: 'x86_64', os.version: '10.13.3', java.version: '1.8.0_112'
     [java] Driver info: org.openqa.selenium.chrome.ChromeDriver
     [java] Capabilities [{applicationCacheEnabled=false, rotatable=false, mobileEmulationEnabled=false, networkConnectionEnabled=false, chrome={chromedriverVersion=2.29.461585 (0be2cd95f834e9ee7c46bcc7cf405b483f5ae83b), userDataDir=/var/folders/k0/dstgl9bn04n39ycq5yvdwjnr0000gn/T/.org.chromium.Chromium.XiChfP}, takesHeapSnapshot=true, pageLoadStrategy=normal, databaseEnabled=false, handlesAlerts=true, hasTouchScreen=false, version=59.0.3064.0, platform=MAC, browserConnectionEnabled=false, nativeEvents=true, acceptSslCerts=true, locationContextEnabled=true, webStorageEnabled=true, browserName=chrome, takesScreenshot=true, javascriptEnabled=true, cssSelectorsEnabled=true, unexpectedAlertBehaviour=}]
     [java] Session ID: 7ed0bebfb911c0e04b8ea18521904740
     [java]   TCKLiferayTestDriver.test:178 Test case V2DispatcherReqRespTests1_SPEC2_19_ForwardJSPEventRequest_getHeaders failed.  Setup link could not be accessed. 
     [java] Exception: org.openqa.selenium.TimeoutException: Timed out after 3 seconds waiting for visibility of element located by By.id: V2DispatcherReqRespTests1_SPEC2_19_ForwardJSPEventRequest_getHeaders-result
     [java] Build info: version: '2.53.1', revision: 'a36b8b1cd5757287168e54b817830adce9b0158d', time: '2016-06-30 19:26:09'
     [java] System info: host: 'first-liferay.local', ip: '192.168.0.4', os.name: 'Mac OS X', os.arch: 'x86_64', os.version: '10.13.3', java.version: '1.8.0_112'
     [java] Driver info: org.openqa.selenium.chrome.ChromeDriver
     [java] Capabilities [{applicationCacheEnabled=false, rotatable=false, mobileEmulationEnabled=false, networkConnectionEnabled=false, chrome={chromedriverVersion=2.29.461585 (0be2cd95f834e9ee7c46bcc7cf405b483f5ae83b), userDataDir=/var/folders/k0/dstgl9bn04n39ycq5yvdwjnr0000gn/T/.org.chromium.Chromium.XiChfP}, takesHeapSnapshot=true, pageLoadStrategy=normal, databaseEnabled=false, handlesAlerts=true, hasTouchScreen=false, version=59.0.3064.0, platform=MAC, browserConnectionEnabled=false, nativeEvents=true, acceptSslCerts=true, locationContextEnabled=true, webStorageEnabled=true, browserName=chrome, takesScreenshot=true, javascriptEnabled=true, cssSelectorsEnabled=true, unexpectedAlertBehaviour=}]
     [java] Session ID: 7ed0bebfb911c0e04b8ea18521904740
     [java]   TCKLiferayTestDriver.test:178 Test case V2DispatcherReqRespTests1_SPEC2_19_ForwardJSPEventRequest_getInputStream failed.  Setup link could not be accessed. 
     [java] Exception: org.openqa.selenium.TimeoutException: Timed out after 3 seconds waiting for visibility of element located by By.id: V2DispatcherReqRespTests1_SPEC2_19_ForwardJSPEventRequest_getInputStream-result
     [java] Build info: version: '2.53.1', revision: 'a36b8b1cd5757287168e54b817830adce9b0158d', time: '2016-06-30 19:26:09'
     [java] System info: host: 'first-liferay.local', ip: '192.168.0.4', os.name: 'Mac OS X', os.arch: 'x86_64', os.version: '10.13.3', java.version: '1.8.0_112'
     [java] Driver info: org.openqa.selenium.chrome.ChromeDriver
     [java] Capabilities [{applicationCacheEnabled=false, rotatable=false, mobileEmulationEnabled=false, networkConnectionEnabled=false, chrome={chromedriverVersion=2.29.461585 (0be2cd95f834e9ee7c46bcc7cf405b483f5ae83b), userDataDir=/var/folders/k0/dstgl9bn04n39ycq5yvdwjnr0000gn/T/.org.chromium.Chromium.XiChfP}, takesHeapSnapshot=true, pageLoadStrategy=normal, databaseEnabled=false, handlesAlerts=true, hasTouchScreen=false, version=59.0.3064.0, platform=MAC, browserConnectionEnabled=false, nativeEvents=true, acceptSslCerts=true, locationContextEnabled=true, webStorageEnabled=true, browserName=chrome, takesScreenshot=true, javascriptEnabled=true, cssSelectorsEnabled=true, unexpectedAlertBehaviour=}]
     [java] Session ID: 7ed0bebfb911c0e04b8ea18521904740
     [java]   TCKLiferayTestDriver.test:178 Test case V2DispatcherReqRespTests1_SPEC2_19_ForwardJSPEventRequest_getIntHeader failed.  Setup link could not be accessed. 
     [java] Exception: org.openqa.selenium.TimeoutException: Timed out after 3 seconds waiting for visibility of element located by By.id: V2DispatcherReqRespTests1_SPEC2_19_ForwardJSPEventRequest_getIntHeader-result
     [java] Build info: version: '2.53.1', revision: 'a36b8b1cd5757287168e54b817830adce9b0158d', time: '2016-06-30 19:26:09'
     [java] System info: host: 'first-liferay.local', ip: '192.168.0.4', os.name: 'Mac OS X', os.arch: 'x86_64', os.version: '10.13.3', java.version: '1.8.0_112'
     [java] Driver info: org.openqa.selenium.chrome.ChromeDriver
     [java] Capabilities [{applicationCacheEnabled=false, rotatable=false, mobileEmulationEnabled=false, networkConnectionEnabled=false, chrome={chromedriverVersion=2.29.461585 (0be2cd95f834e9ee7c46bcc7cf405b483f5ae83b), userDataDir=/var/folders/k0/dstgl9bn04n39ycq5yvdwjnr0000gn/T/.org.chromium.Chromium.XiChfP}, takesHeapSnapshot=true, pageLoadStrategy=normal, databaseEnabled=false, handlesAlerts=true, hasTouchScreen=false, version=59.0.3064.0, platform=MAC, browserConnectionEnabled=false, nativeEvents=true, acceptSslCerts=true, locationContextEnabled=true, webStorageEnabled=true, browserName=chrome, takesScreenshot=true, javascriptEnabled=true, cssSelectorsEnabled=true, unexpectedAlertBehaviour=}]
     [java] Session ID: 7ed0bebfb911c0e04b8ea18521904740
     [java]   TCKLiferayTestDriver.test:178 Test case V2DispatcherReqRespTests1_SPEC2_19_ForwardJSPEventRequest_getLocalAddr failed.  Setup link could not be accessed. 
     [java] Exception: org.openqa.selenium.TimeoutException: Timed out after 3 seconds waiting for visibility of element located by By.id: V2DispatcherReqRespTests1_SPEC2_19_ForwardJSPEventRequest_getLocalAddr-result
     [java] Build info: version: '2.53.1', revision: 'a36b8b1cd5757287168e54b817830adce9b0158d', time: '2016-06-30 19:26:09'
     [java] System info: host: 'first-liferay.local', ip: '192.168.0.4', os.name: 'Mac OS X', os.arch: 'x86_64', os.version: '10.13.3', java.version: '1.8.0_112'
     [java] Driver info: org.openqa.selenium.chrome.ChromeDriver
     [java] Capabilities [{applicationCacheEnabled=false, rotatable=false, mobileEmulationEnabled=false, networkConnectionEnabled=false, chrome={chromedriverVersion=2.29.461585 (0be2cd95f834e9ee7c46bcc7cf405b483f5ae83b), userDataDir=/var/folders/k0/dstgl9bn04n39ycq5yvdwjnr0000gn/T/.org.chromium.Chromium.XiChfP}, takesHeapSnapshot=true, pageLoadStrategy=normal, databaseEnabled=false, handlesAlerts=true, hasTouchScreen=false, version=59.0.3064.0, platform=MAC, browserConnectionEnabled=false, nativeEvents=true, acceptSslCerts=true, locationContextEnabled=true, webStorageEnabled=true, browserName=chrome, takesScreenshot=true, javascriptEnabled=true, cssSelectorsEnabled=true, unexpectedAlertBehaviour=}]
     [java] Session ID: 7ed0bebfb911c0e04b8ea18521904740
     [java]   TCKLiferayTestDriver.test:178 Test case V2DispatcherReqRespTests1_SPEC2_19_ForwardJSPEventRequest_getLocalName failed.  Setup link could not be accessed. 
     [java] Exception: org.openqa.selenium.TimeoutException: Timed out after 3 seconds waiting for visibility of element located by By.id: V2DispatcherReqRespTests1_SPEC2_19_ForwardJSPEventRequest_getLocalName-result
     [java] Build info: version: '2.53.1', revision: 'a36b8b1cd5757287168e54b817830adce9b0158d', time: '2016-06-30 19:26:09'
     [java] System info: host: 'first-liferay.local', ip: '192.168.0.4', os.name: 'Mac OS X', os.arch: 'x86_64', os.version: '10.13.3', java.version: '1.8.0_112'
     [java] Driver info: org.openqa.selenium.chrome.ChromeDriver
     [java] Capabilities [{applicationCacheEnabled=false, rotatable=false, mobileEmulationEnabled=false, networkConnectionEnabled=false, chrome={chromedriverVersion=2.29.461585 (0be2cd95f834e9ee7c46bcc7cf405b483f5ae83b), userDataDir=/var/folders/k0/dstgl9bn04n39ycq5yvdwjnr0000gn/T/.org.chromium.Chromium.XiChfP}, takesHeapSnapshot=true, pageLoadStrategy=normal, databaseEnabled=false, handlesAlerts=true, hasTouchScreen=false, version=59.0.3064.0, platform=MAC, browserConnectionEnabled=false, nativeEvents=true, acceptSslCerts=true, locationContextEnabled=true, webStorageEnabled=true, browserName=chrome, takesScreenshot=true, javascriptEnabled=true, cssSelectorsEnabled=true, unexpectedAlertBehaviour=}]
     [java] Session ID: 7ed0bebfb911c0e04b8ea18521904740
     [java]   TCKLiferayTestDriver.test:178 Test case V2DispatcherReqRespTests1_SPEC2_19_ForwardJSPEventRequest_getLocalPort failed.  Setup link could not be accessed. 
     [java] Exception: org.openqa.selenium.TimeoutException: Timed out after 3 seconds waiting for visibility of element located by By.id: V2DispatcherReqRespTests1_SPEC2_19_ForwardJSPEventRequest_getLocalPort-result
     [java] Build info: version: '2.53.1', revision: 'a36b8b1cd5757287168e54b817830adce9b0158d', time: '2016-06-30 19:26:09'
     [java] System info: host: 'first-liferay.local', ip: '192.168.0.4', os.name: 'Mac OS X', os.arch: 'x86_64', os.version: '10.13.3', java.version: '1.8.0_112'
     [java] Driver info: org.openqa.selenium.chrome.ChromeDriver
     [java] Capabilities [{applicationCacheEnabled=false, rotatable=false, mobileEmulationEnabled=false, networkConnectionEnabled=false, chrome={chromedriverVersion=2.29.461585 (0be2cd95f834e9ee7c46bcc7cf405b483f5ae83b), userDataDir=/var/folders/k0/dstgl9bn04n39ycq5yvdwjnr0000gn/T/.org.chromium.Chromium.XiChfP}, takesHeapSnapshot=true, pageLoadStrategy=normal, databaseEnabled=false, handlesAlerts=true, hasTouchScreen=false, version=59.0.3064.0, platform=MAC, browserConnectionEnabled=false, nativeEvents=true, acceptSslCerts=true, locationContextEnabled=true, webStorageEnabled=true, browserName=chrome, takesScreenshot=true, javascriptEnabled=true, cssSelectorsEnabled=true, unexpectedAlertBehaviour=}]
     [java] Session ID: 7ed0bebfb911c0e04b8ea18521904740
     [java]   TCKLiferayTestDriver.test:178 Test case V2DispatcherReqRespTests1_SPEC2_19_ForwardJSPEventRequest_getLocale failed.  Setup link could not be accessed. 
     [java] Exception: org.openqa.selenium.TimeoutException: Timed out after 3 seconds waiting for visibility of element located by By.id: V2DispatcherReqRespTests1_SPEC2_19_ForwardJSPEventRequest_getLocale-result
     [java] Build info: version: '2.53.1', revision: 'a36b8b1cd5757287168e54b817830adce9b0158d', time: '2016-06-30 19:26:09'
     [java] System info: host: 'first-liferay.local', ip: '192.168.0.4', os.name: 'Mac OS X', os.arch: 'x86_64', os.version: '10.13.3', java.version: '1.8.0_112'
     [java] Driver info: org.openqa.selenium.chrome.ChromeDriver
     [java] Capabilities [{applicationCacheEnabled=false, rotatable=false, mobileEmulationEnabled=false, networkConnectionEnabled=false, chrome={chromedriverVersion=2.29.461585 (0be2cd95f834e9ee7c46bcc7cf405b483f5ae83b), userDataDir=/var/folders/k0/dstgl9bn04n39ycq5yvdwjnr0000gn/T/.org.chromium.Chromium.XiChfP}, takesHeapSnapshot=true, pageLoadStrategy=normal, databaseEnabled=false, handlesAlerts=true, hasTouchScreen=false, version=59.0.3064.0, platform=MAC, browserConnectionEnabled=false, nativeEvents=true, acceptSslCerts=true, locationContextEnabled=true, webStorageEnabled=true, browserName=chrome, takesScreenshot=true, javascriptEnabled=true, cssSelectorsEnabled=true, unexpectedAlertBehaviour=}]
     [java] Session ID: 7ed0bebfb911c0e04b8ea18521904740
     [java]   TCKLiferayTestDriver.test:178 Test case V2DispatcherReqRespTests1_SPEC2_19_ForwardJSPEventRequest_getLocales failed.  Setup link could not be accessed. 
     [java] Exception: org.openqa.selenium.TimeoutException: Timed out after 3 seconds waiting for visibility of element located by By.id: V2DispatcherReqRespTests1_SPEC2_19_ForwardJSPEventRequest_getLocales-result
     [java] Build info: version: '2.53.1', revision: 'a36b8b1cd5757287168e54b817830adce9b0158d', time: '2016-06-30 19:26:09'
     [java] System info: host: 'first-liferay.local', ip: '192.168.0.4', os.name: 'Mac OS X', os.arch: 'x86_64', os.version: '10.13.3', java.version: '1.8.0_112'
     [java] Driver info: org.openqa.selenium.chrome.ChromeDriver
     [java] Capabilities [{applicationCacheEnabled=false, rotatable=false, mobileEmulationEnabled=false, networkConnectionEnabled=false, chrome={chromedriverVersion=2.29.461585 (0be2cd95f834e9ee7c46bcc7cf405b483f5ae83b), userDataDir=/var/folders/k0/dstgl9bn04n39ycq5yvdwjnr0000gn/T/.org.chromium.Chromium.XiChfP}, takesHeapSnapshot=true, pageLoadStrategy=normal, databaseEnabled=false, handlesAlerts=true, hasTouchScreen=false, version=59.0.3064.0, platform=MAC, browserConnectionEnabled=false, nativeEvents=true, acceptSslCerts=true, locationContextEnabled=true, webStorageEnabled=true, browserName=chrome, takesScreenshot=true, javascriptEnabled=true, cssSelectorsEnabled=true, unexpectedAlertBehaviour=}]
     [java] Session ID: 7ed0bebfb911c0e04b8ea18521904740
     [java]   TCKLiferayTestDriver.test:178 Test case V2DispatcherReqRespTests1_SPEC2_19_ForwardJSPEventRequest_getMethod failed.  Setup link could not be accessed. 
     [java] Exception: org.openqa.selenium.TimeoutException: Timed out after 3 seconds waiting for visibility of element located by By.id: V2DispatcherReqRespTests1_SPEC2_19_ForwardJSPEventRequest_getMethod-result
     [java] Build info: version: '2.53.1', revision: 'a36b8b1cd5757287168e54b817830adce9b0158d', time: '2016-06-30 19:26:09'
     [java] System info: host: 'first-liferay.local', ip: '192.168.0.4', os.name: 'Mac OS X', os.arch: 'x86_64', os.version: '10.13.3', java.version: '1.8.0_112'
     [java] Driver info: org.openqa.selenium.chrome.ChromeDriver
     [java] Capabilities [{applicationCacheEnabled=false, rotatable=false, mobileEmulationEnabled=false, networkConnectionEnabled=false, chrome={chromedriverVersion=2.29.461585 (0be2cd95f834e9ee7c46bcc7cf405b483f5ae83b), userDataDir=/var/folders/k0/dstgl9bn04n39ycq5yvdwjnr0000gn/T/.org.chromium.Chromium.XiChfP}, takesHeapSnapshot=true, pageLoadStrategy=normal, databaseEnabled=false, handlesAlerts=true, hasTouchScreen=false, version=59.0.3064.0, platform=MAC, browserConnectionEnabled=false, nativeEvents=true, acceptSslCerts=true, locationContextEnabled=true, webStorageEnabled=true, browserName=chrome, takesScreenshot=true, javascriptEnabled=true, cssSelectorsEnabled=true, unexpectedAlertBehaviour=}]
     [java] Session ID: 7ed0bebfb911c0e04b8ea18521904740
     [java]   TCKLiferayTestDriver.test:178 Test case V2DispatcherReqRespTests1_SPEC2_19_ForwardJSPEventRequest_getParameter failed.  Setup link could not be accessed. 
     [java] Exception: org.openqa.selenium.TimeoutException: Timed out after 3 seconds waiting for visibility of element located by By.id: V2DispatcherReqRespTests1_SPEC2_19_ForwardJSPEventRequest_getParameter-result
     [java] Build info: version: '2.53.1', revision: 'a36b8b1cd5757287168e54b817830adce9b0158d', time: '2016-06-30 19:26:09'
     [java] System info: host: 'first-liferay.local', ip: '192.168.0.4', os.name: 'Mac OS X', os.arch: 'x86_64', os.version: '10.13.3', java.version: '1.8.0_112'
     [java] Driver info: org.openqa.selenium.chrome.ChromeDriver
     [java] Capabilities [{applicationCacheEnabled=false, rotatable=false, mobileEmulationEnabled=false, networkConnectionEnabled=false, chrome={chromedriverVersion=2.29.461585 (0be2cd95f834e9ee7c46bcc7cf405b483f5ae83b), userDataDir=/var/folders/k0/dstgl9bn04n39ycq5yvdwjnr0000gn/T/.org.chromium.Chromium.XiChfP}, takesHeapSnapshot=true, pageLoadStrategy=normal, databaseEnabled=false, handlesAlerts=true, hasTouchScreen=false, version=59.0.3064.0, platform=MAC, browserConnectionEnabled=false, nativeEvents=true, acceptSslCerts=true, locationContextEnabled=true, webStorageEnabled=true, browserName=chrome, takesScreenshot=true, javascriptEnabled=true, cssSelectorsEnabled=true, unexpectedAlertBehaviour=}]
     [java] Session ID: 7ed0bebfb911c0e04b8ea18521904740
     [java]   TCKLiferayTestDriver.test:178 Test case V2DispatcherReqRespTests1_SPEC2_19_ForwardJSPEventRequest_getParameterMap failed.  Setup link could not be accessed. 
     [java] Exception: org.openqa.selenium.TimeoutException: Timed out after 3 seconds waiting for visibility of element located by By.id: V2DispatcherReqRespTests1_SPEC2_19_ForwardJSPEventRequest_getParameterMap-result
     [java] Build info: version: '2.53.1', revision: 'a36b8b1cd5757287168e54b817830adce9b0158d', time: '2016-06-30 19:26:09'
     [java] System info: host: 'first-liferay.local', ip: '192.168.0.4', os.name: 'Mac OS X', os.arch: 'x86_64', os.version: '10.13.3', java.version: '1.8.0_112'
     [java] Driver info: org.openqa.selenium.chrome.ChromeDriver
     [java] Capabilities [{applicationCacheEnabled=false, rotatable=false, mobileEmulationEnabled=false, networkConnectionEnabled=false, chrome={chromedriverVersion=2.29.461585 (0be2cd95f834e9ee7c46bcc7cf405b483f5ae83b), userDataDir=/var/folders/k0/dstgl9bn04n39ycq5yvdwjnr0000gn/T/.org.chromium.Chromium.XiChfP}, takesHeapSnapshot=true, pageLoadStrategy=normal, databaseEnabled=false, handlesAlerts=true, hasTouchScreen=false, version=59.0.3064.0, platform=MAC, browserConnectionEnabled=false, nativeEvents=true, acceptSslCerts=true, locationContextEnabled=true, webStorageEnabled=true, browserName=chrome, takesScreenshot=true, javascriptEnabled=true, cssSelectorsEnabled=true, unexpectedAlertBehaviour=}]
     [java] Session ID: 7ed0bebfb911c0e04b8ea18521904740
     [java]   TCKLiferayTestDriver.test:178 Test case V2DispatcherReqRespTests1_SPEC2_19_ForwardJSPEventRequest_getParameterNames failed.  Setup link could not be accessed. 
     [java] Exception: org.openqa.selenium.TimeoutException: Timed out after 3 seconds waiting for visibility of element located by By.id: V2DispatcherReqRespTests1_SPEC2_19_ForwardJSPEventRequest_getParameterNames-result
     [java] Build info: version: '2.53.1', revision: 'a36b8b1cd5757287168e54b817830adce9b0158d', time: '2016-06-30 19:26:09'
     [java] System info: host: 'first-liferay.local', ip: '192.168.0.4', os.name: 'Mac OS X', os.arch: 'x86_64', os.version: '10.13.3', java.version: '1.8.0_112'
     [java] Driver info: org.openqa.selenium.chrome.ChromeDriver
     [java] Capabilities [{applicationCacheEnabled=false, rotatable=false, mobileEmulationEnabled=false, networkConnectionEnabled=false, chrome={chromedriverVersion=2.29.461585 (0be2cd95f834e9ee7c46bcc7cf405b483f5ae83b), userDataDir=/var/folders/k0/dstgl9bn04n39ycq5yvdwjnr0000gn/T/.org.chromium.Chromium.XiChfP}, takesHeapSnapshot=true, pageLoadStrategy=normal, databaseEnabled=false, handlesAlerts=true, hasTouchScreen=false, version=59.0.3064.0, platform=MAC, browserConnectionEnabled=false, nativeEvents=true, acceptSslCerts=true, locationContextEnabled=true, webStorageEnabled=true, browserName=chrome, takesScreenshot=true, javascriptEnabled=true, cssSelectorsEnabled=true, unexpectedAlertBehaviour=}]
     [java] Session ID: 7ed0bebfb911c0e04b8ea18521904740
     [java]   TCKLiferayTestDriver.test:178 Test case V2DispatcherReqRespTests1_SPEC2_19_ForwardJSPEventRequest_getParameterValues failed.  Setup link could not be accessed. 
     [java] Exception: org.openqa.selenium.TimeoutException: Timed out after 3 seconds waiting for visibility of element located by By.id: V2DispatcherReqRespTests1_SPEC2_19_ForwardJSPEventRequest_getParameterValues-result
     [java] Build info: version: '2.53.1', revision: 'a36b8b1cd5757287168e54b817830adce9b0158d', time: '2016-06-30 19:26:09'
     [java] System info: host: 'first-liferay.local', ip: '192.168.0.4', os.name: 'Mac OS X', os.arch: 'x86_64', os.version: '10.13.3', java.version: '1.8.0_112'
     [java] Driver info: org.openqa.selenium.chrome.ChromeDriver
     [java] Capabilities [{applicationCacheEnabled=false, rotatable=false, mobileEmulationEnabled=false, networkConnectionEnabled=false, chrome={chromedriverVersion=2.29.461585 (0be2cd95f834e9ee7c46bcc7cf405b483f5ae83b), userDataDir=/var/folders/k0/dstgl9bn04n39ycq5yvdwjnr0000gn/T/.org.chromium.Chromium.XiChfP}, takesHeapSnapshot=true, pageLoadStrategy=normal, databaseEnabled=false, handlesAlerts=true, hasTouchScreen=false, version=59.0.3064.0, platform=MAC, browserConnectionEnabled=false, nativeEvents=true, acceptSslCerts=true, locationContextEnabled=true, webStorageEnabled=true, browserName=chrome, takesScreenshot=true, javascriptEnabled=true, cssSelectorsEnabled=true, unexpectedAlertBehaviour=}]
     [java] Session ID: 7ed0bebfb911c0e04b8ea18521904740
     [java]   TCKLiferayTestDriver.test:178 Test case V2DispatcherReqRespTests1_SPEC2_19_ForwardJSPEventRequest_getPathInfo failed.  Setup link could not be accessed. 
     [java] Exception: org.openqa.selenium.TimeoutException: Timed out after 3 seconds waiting for visibility of element located by By.id: V2DispatcherReqRespTests1_SPEC2_19_ForwardJSPEventRequest_getPathInfo-result
     [java] Build info: version: '2.53.1', revision: 'a36b8b1cd5757287168e54b817830adce9b0158d', time: '2016-06-30 19:26:09'
     [java] System info: host: 'first-liferay.local', ip: '192.168.0.4', os.name: 'Mac OS X', os.arch: 'x86_64', os.version: '10.13.3', java.version: '1.8.0_112'
     [java] Driver info: org.openqa.selenium.chrome.ChromeDriver
     [java] Capabilities [{applicationCacheEnabled=false, rotatable=false, mobileEmulationEnabled=false, networkConnectionEnabled=false, chrome={chromedriverVersion=2.29.461585 (0be2cd95f834e9ee7c46bcc7cf405b483f5ae83b), userDataDir=/var/folders/k0/dstgl9bn04n39ycq5yvdwjnr0000gn/T/.org.chromium.Chromium.XiChfP}, takesHeapSnapshot=true, pageLoadStrategy=normal, databaseEnabled=false, handlesAlerts=true, hasTouchScreen=false, version=59.0.3064.0, platform=MAC, browserConnectionEnabled=false, nativeEvents=true, acceptSslCerts=true, locationContextEnabled=true, webStorageEnabled=true, browserName=chrome, takesScreenshot=true, javascriptEnabled=true, cssSelectorsEnabled=true, unexpectedAlertBehaviour=}]
     [java] Session ID: 7ed0bebfb911c0e04b8ea18521904740
     [java]   TCKLiferayTestDriver.test:178 Test case V2DispatcherReqRespTests1_SPEC2_19_ForwardJSPEventRequest_getPathTranslated failed.  Setup link could not be accessed. 
     [java] Exception: org.openqa.selenium.TimeoutException: Timed out after 3 seconds waiting for visibility of element located by By.id: V2DispatcherReqRespTests1_SPEC2_19_ForwardJSPEventRequest_getPathTranslated-result
     [java] Build info: version: '2.53.1', revision: 'a36b8b1cd5757287168e54b817830adce9b0158d', time: '2016-06-30 19:26:09'
     [java] System info: host: 'first-liferay.local', ip: '192.168.0.4', os.name: 'Mac OS X', os.arch: 'x86_64', os.version: '10.13.3', java.version: '1.8.0_112'
     [java] Driver info: org.openqa.selenium.chrome.ChromeDriver
     [java] Capabilities [{applicationCacheEnabled=false, rotatable=false, mobileEmulationEnabled=false, networkConnectionEnabled=false, chrome={chromedriverVersion=2.29.461585 (0be2cd95f834e9ee7c46bcc7cf405b483f5ae83b), userDataDir=/var/folders/k0/dstgl9bn04n39ycq5yvdwjnr0000gn/T/.org.chromium.Chromium.XiChfP}, takesHeapSnapshot=true, pageLoadStrategy=normal, databaseEnabled=false, handlesAlerts=true, hasTouchScreen=false, version=59.0.3064.0, platform=MAC, browserConnectionEnabled=false, nativeEvents=true, acceptSslCerts=true, locationContextEnabled=true, webStorageEnabled=true, browserName=chrome, takesScreenshot=true, javascriptEnabled=true, cssSelectorsEnabled=true, unexpectedAlertBehaviour=}]
     [java] Session ID: 7ed0bebfb911c0e04b8ea18521904740
     [java]   TCKLiferayTestDriver.test:178 Test case V2DispatcherReqRespTests1_SPEC2_19_ForwardJSPEventRequest_getProtocol failed.  Setup link could not be accessed. 
     [java] Exception: org.openqa.selenium.TimeoutException: Timed out after 3 seconds waiting for visibility of element located by By.id: V2DispatcherReqRespTests1_SPEC2_19_ForwardJSPEventRequest_getProtocol-result
     [java] Build info: version: '2.53.1', revision: 'a36b8b1cd5757287168e54b817830adce9b0158d', time: '2016-06-30 19:26:09'
     [java] System info: host: 'first-liferay.local', ip: '192.168.0.4', os.name: 'Mac OS X', os.arch: 'x86_64', os.version: '10.13.3', java.version: '1.8.0_112'
     [java] Driver info: org.openqa.selenium.chrome.ChromeDriver
     [java] Capabilities [{applicationCacheEnabled=false, rotatable=false, mobileEmulationEnabled=false, networkConnectionEnabled=false, chrome={chromedriverVersion=2.29.461585 (0be2cd95f834e9ee7c46bcc7cf405b483f5ae83b), userDataDir=/var/folders/k0/dstgl9bn04n39ycq5yvdwjnr0000gn/T/.org.chromium.Chromium.XiChfP}, takesHeapSnapshot=true, pageLoadStrategy=normal, databaseEnabled=false, handlesAlerts=true, hasTouchScreen=false, version=59.0.3064.0, platform=MAC, browserConnectionEnabled=false, nativeEvents=true, acceptSslCerts=true, locationContextEnabled=true, webStorageEnabled=true, browserName=chrome, takesScreenshot=true, javascriptEnabled=true, cssSelectorsEnabled=true, unexpectedAlertBehaviour=}]
     [java] Session ID: 7ed0bebfb911c0e04b8ea18521904740
     [java]   TCKLiferayTestDriver.test:178 Test case V2DispatcherReqRespTests1_SPEC2_19_ForwardJSPEventRequest_getQueryString failed.  Setup link could not be accessed. 
     [java] Exception: org.openqa.selenium.TimeoutException: Timed out after 3 seconds waiting for visibility of element located by By.id: V2DispatcherReqRespTests1_SPEC2_19_ForwardJSPEventRequest_getQueryString-result
     [java] Build info: version: '2.53.1', revision: 'a36b8b1cd5757287168e54b817830adce9b0158d', time: '2016-06-30 19:26:09'
     [java] System info: host: 'first-liferay.local', ip: '192.168.0.4', os.name: 'Mac OS X', os.arch: 'x86_64', os.version: '10.13.3', java.version: '1.8.0_112'
     [java] Driver info: org.openqa.selenium.chrome.ChromeDriver
     [java] Capabilities [{applicationCacheEnabled=false, rotatable=false, mobileEmulationEnabled=false, networkConnectionEnabled=false, chrome={chromedriverVersion=2.29.461585 (0be2cd95f834e9ee7c46bcc7cf405b483f5ae83b), userDataDir=/var/folders/k0/dstgl9bn04n39ycq5yvdwjnr0000gn/T/.org.chromium.Chromium.XiChfP}, takesHeapSnapshot=true, pageLoadStrategy=normal, databaseEnabled=false, handlesAlerts=true, hasTouchScreen=false, version=59.0.3064.0, platform=MAC, browserConnectionEnabled=false, nativeEvents=true, acceptSslCerts=true, locationContextEnabled=true, webStorageEnabled=true, browserName=chrome, takesScreenshot=true, javascriptEnabled=true, cssSelectorsEnabled=true, unexpectedAlertBehaviour=}]
     [java] Session ID: 7ed0bebfb911c0e04b8ea18521904740
     [java]   TCKLiferayTestDriver.test:178 Test case V2DispatcherReqRespTests1_SPEC2_19_ForwardJSPEventRequest_getReader failed.  Setup link could not be accessed. 
     [java] Exception: org.openqa.selenium.TimeoutException: Timed out after 3 seconds waiting for visibility of element located by By.id: V2DispatcherReqRespTests1_SPEC2_19_ForwardJSPEventRequest_getReader-result
     [java] Build info: version: '2.53.1', revision: 'a36b8b1cd5757287168e54b817830adce9b0158d', time: '2016-06-30 19:26:09'
     [java] System info: host: 'first-liferay.local', ip: '192.168.0.4', os.name: 'Mac OS X', os.arch: 'x86_64', os.version: '10.13.3', java.version: '1.8.0_112'
     [java] Driver info: org.openqa.selenium.chrome.ChromeDriver
     [java] Capabilities [{applicationCacheEnabled=false, rotatable=false, mobileEmulationEnabled=false, networkConnectionEnabled=false, chrome={chromedriverVersion=2.29.461585 (0be2cd95f834e9ee7c46bcc7cf405b483f5ae83b), userDataDir=/var/folders/k0/dstgl9bn04n39ycq5yvdwjnr0000gn/T/.org.chromium.Chromium.XiChfP}, takesHeapSnapshot=true, pageLoadStrategy=normal, databaseEnabled=false, handlesAlerts=true, hasTouchScreen=false, version=59.0.3064.0, platform=MAC, browserConnectionEnabled=false, nativeEvents=true, acceptSslCerts=true, locationContextEnabled=true, webStorageEnabled=true, browserName=chrome, takesScreenshot=true, javascriptEnabled=true, cssSelectorsEnabled=true, unexpectedAlertBehaviour=}]
     [java] Session ID: 7ed0bebfb911c0e04b8ea18521904740
     [java]   TCKLiferayTestDriver.test:178 Test case V2DispatcherReqRespTests1_SPEC2_19_ForwardJSPEventRequest_getRealPath failed.  Setup link could not be accessed. 
     [java] Exception: org.openqa.selenium.TimeoutException: Timed out after 3 seconds waiting for visibility of element located by By.id: V2DispatcherReqRespTests1_SPEC2_19_ForwardJSPEventRequest_getRealPath-result
     [java] Build info: version: '2.53.1', revision: 'a36b8b1cd5757287168e54b817830adce9b0158d', time: '2016-06-30 19:26:09'
     [java] System info: host: 'first-liferay.local', ip: '192.168.0.4', os.name: 'Mac OS X', os.arch: 'x86_64', os.version: '10.13.3', java.version: '1.8.0_112'
     [java] Driver info: org.openqa.selenium.chrome.ChromeDriver
     [java] Capabilities [{applicationCacheEnabled=false, rotatable=false, mobileEmulationEnabled=false, networkConnectionEnabled=false, chrome={chromedriverVersion=2.29.461585 (0be2cd95f834e9ee7c46bcc7cf405b483f5ae83b), userDataDir=/var/folders/k0/dstgl9bn04n39ycq5yvdwjnr0000gn/T/.org.chromium.Chromium.XiChfP}, takesHeapSnapshot=true, pageLoadStrategy=normal, databaseEnabled=false, handlesAlerts=true, hasTouchScreen=false, version=59.0.3064.0, platform=MAC, browserConnectionEnabled=false, nativeEvents=true, acceptSslCerts=true, locationContextEnabled=true, webStorageEnabled=true, browserName=chrome, takesScreenshot=true, javascriptEnabled=true, cssSelectorsEnabled=true, unexpectedAlertBehaviour=}]
     [java] Session ID: 7ed0bebfb911c0e04b8ea18521904740
     [java]   TCKLiferayTestDriver.test:178 Test case V2DispatcherReqRespTests1_SPEC2_19_ForwardJSPEventRequest_getRemoteAddr failed.  Setup link could not be accessed. 
     [java] Exception: org.openqa.selenium.TimeoutException: Timed out after 3 seconds waiting for visibility of element located by By.id: V2DispatcherReqRespTests1_SPEC2_19_ForwardJSPEventRequest_getRemoteAddr-result
     [java] Build info: version: '2.53.1', revision: 'a36b8b1cd5757287168e54b817830adce9b0158d', time: '2016-06-30 19:26:09'
     [java] System info: host: 'first-liferay.local', ip: '192.168.0.4', os.name: 'Mac OS X', os.arch: 'x86_64', os.version: '10.13.3', java.version: '1.8.0_112'
     [java] Driver info: org.openqa.selenium.chrome.ChromeDriver
     [java] Capabilities [{applicationCacheEnabled=false, rotatable=false, mobileEmulationEnabled=false, networkConnectionEnabled=false, chrome={chromedriverVersion=2.29.461585 (0be2cd95f834e9ee7c46bcc7cf405b483f5ae83b), userDataDir=/var/folders/k0/dstgl9bn04n39ycq5yvdwjnr0000gn/T/.org.chromium.Chromium.XiChfP}, takesHeapSnapshot=true, pageLoadStrategy=normal, databaseEnabled=false, handlesAlerts=true, hasTouchScreen=false, version=59.0.3064.0, platform=MAC, browserConnectionEnabled=false, nativeEvents=true, acceptSslCerts=true, locationContextEnabled=true, webStorageEnabled=true, browserName=chrome, takesScreenshot=true, javascriptEnabled=true, cssSelectorsEnabled=true, unexpectedAlertBehaviour=}]
     [java] Session ID: 7ed0bebfb911c0e04b8ea18521904740
     [java]   TCKLiferayTestDriver.test:178 Test case V2DispatcherReqRespTests1_SPEC2_19_ForwardJSPEventRequest_getRemoteHost failed.  Setup link could not be accessed. 
     [java] Exception: org.openqa.selenium.TimeoutException: Timed out after 3 seconds waiting for visibility of element located by By.id: V2DispatcherReqRespTests1_SPEC2_19_ForwardJSPEventRequest_getRemoteHost-result
     [java] Build info: version: '2.53.1', revision: 'a36b8b1cd5757287168e54b817830adce9b0158d', time: '2016-06-30 19:26:09'
     [java] System info: host: 'first-liferay.local', ip: '192.168.0.4', os.name: 'Mac OS X', os.arch: 'x86_64', os.version: '10.13.3', java.version: '1.8.0_112'
     [java] Driver info: org.openqa.selenium.chrome.ChromeDriver
     [java] Capabilities [{applicationCacheEnabled=false, rotatable=false, mobileEmulationEnabled=false, networkConnectionEnabled=false, chrome={chromedriverVersion=2.29.461585 (0be2cd95f834e9ee7c46bcc7cf405b483f5ae83b), userDataDir=/var/folders/k0/dstgl9bn04n39ycq5yvdwjnr0000gn/T/.org.chromium.Chromium.XiChfP}, takesHeapSnapshot=true, pageLoadStrategy=normal, databaseEnabled=false, handlesAlerts=true, hasTouchScreen=false, version=59.0.3064.0, platform=MAC, browserConnectionEnabled=false, nativeEvents=true, acceptSslCerts=true, locationContextEnabled=true, webStorageEnabled=true, browserName=chrome, takesScreenshot=true, javascriptEnabled=true, cssSelectorsEnabled=true, unexpectedAlertBehaviour=}]
     [java] Session ID: 7ed0bebfb911c0e04b8ea18521904740
     [java]   TCKLiferayTestDriver.test:178 Test case V2DispatcherReqRespTests1_SPEC2_19_ForwardJSPEventRequest_getRemotePort failed.  Setup link could not be accessed. 
     [java] Exception: org.openqa.selenium.TimeoutException: Timed out after 3 seconds waiting for visibility of element located by By.id: V2DispatcherReqRespTests1_SPEC2_19_ForwardJSPEventRequest_getRemotePort-result
     [java] Build info: version: '2.53.1', revision: 'a36b8b1cd5757287168e54b817830adce9b0158d', time: '2016-06-30 19:26:09'
     [java] System info: host: 'first-liferay.local', ip: '192.168.0.4', os.name: 'Mac OS X', os.arch: 'x86_64', os.version: '10.13.3', java.version: '1.8.0_112'
     [java] Driver info: org.openqa.selenium.chrome.ChromeDriver
     [java] Capabilities [{applicationCacheEnabled=false, rotatable=false, mobileEmulationEnabled=false, networkConnectionEnabled=false, chrome={chromedriverVersion=2.29.461585 (0be2cd95f834e9ee7c46bcc7cf405b483f5ae83b), userDataDir=/var/folders/k0/dstgl9bn04n39ycq5yvdwjnr0000gn/T/.org.chromium.Chromium.XiChfP}, takesHeapSnapshot=true, pageLoadStrategy=normal, databaseEnabled=false, handlesAlerts=true, hasTouchScreen=false, version=59.0.3064.0, platform=MAC, browserConnectionEnabled=false, nativeEvents=true, acceptSslCerts=true, locationContextEnabled=true, webStorageEnabled=true, browserName=chrome, takesScreenshot=true, javascriptEnabled=true, cssSelectorsEnabled=true, unexpectedAlertBehaviour=}]
     [java] Session ID: 7ed0bebfb911c0e04b8ea18521904740
     [java]   TCKLiferayTestDriver.test:178 Test case V2DispatcherReqRespTests1_SPEC2_19_ForwardJSPEventRequest_getRemoteUser failed.  Setup link could not be accessed. 
     [java] Exception: org.openqa.selenium.TimeoutException: Timed out after 3 seconds waiting for visibility of element located by By.id: V2DispatcherReqRespTests1_SPEC2_19_ForwardJSPEventRequest_getRemoteUser-result
     [java] Build info: version: '2.53.1', revision: 'a36b8b1cd5757287168e54b817830adce9b0158d', time: '2016-06-30 19:26:09'
     [java] System info: host: 'first-liferay.local', ip: '192.168.0.4', os.name: 'Mac OS X', os.arch: 'x86_64', os.version: '10.13.3', java.version: '1.8.0_112'
     [java] Driver info: org.openqa.selenium.chrome.ChromeDriver
     [java] Capabilities [{applicationCacheEnabled=false, rotatable=false, mobileEmulationEnabled=false, networkConnectionEnabled=false, chrome={chromedriverVersion=2.29.461585 (0be2cd95f834e9ee7c46bcc7cf405b483f5ae83b), userDataDir=/var/folders/k0/dstgl9bn04n39ycq5yvdwjnr0000gn/T/.org.chromium.Chromium.XiChfP}, takesHeapSnapshot=true, pageLoadStrategy=normal, databaseEnabled=false, handlesAlerts=true, hasTouchScreen=false, version=59.0.3064.0, platform=MAC, browserConnectionEnabled=false, nativeEvents=true, acceptSslCerts=true, locationContextEnabled=true, webStorageEnabled=true, browserName=chrome, takesScreenshot=true, javascriptEnabled=true, cssSelectorsEnabled=true, unexpectedAlertBehaviour=}]
     [java] Session ID: 7ed0bebfb911c0e04b8ea18521904740
     [java]   TCKLiferayTestDriver.test:178 Test case V2DispatcherReqRespTests1_SPEC2_19_ForwardJSPEventRequest_getRequestDispatcher failed.  Setup link could not be accessed. 
     [java] Exception: org.openqa.selenium.TimeoutException: Timed out after 3 seconds waiting for visibility of element located by By.id: V2DispatcherReqRespTests1_SPEC2_19_ForwardJSPEventRequest_getRequestDispatcher-result
     [java] Build info: version: '2.53.1', revision: 'a36b8b1cd5757287168e54b817830adce9b0158d', time: '2016-06-30 19:26:09'
     [java] System info: host: 'first-liferay.local', ip: '192.168.0.4', os.name: 'Mac OS X', os.arch: 'x86_64', os.version: '10.13.3', java.version: '1.8.0_112'
     [java] Driver info: org.openqa.selenium.chrome.ChromeDriver
     [java] Capabilities [{applicationCacheEnabled=false, rotatable=false, mobileEmulationEnabled=false, networkConnectionEnabled=false, chrome={chromedriverVersion=2.29.461585 (0be2cd95f834e9ee7c46bcc7cf405b483f5ae83b), userDataDir=/var/folders/k0/dstgl9bn04n39ycq5yvdwjnr0000gn/T/.org.chromium.Chromium.XiChfP}, takesHeapSnapshot=true, pageLoadStrategy=normal, databaseEnabled=false, handlesAlerts=true, hasTouchScreen=false, version=59.0.3064.0, platform=MAC, browserConnectionEnabled=false, nativeEvents=true, acceptSslCerts=true, locationContextEnabled=true, webStorageEnabled=true, browserName=chrome, takesScreenshot=true, javascriptEnabled=true, cssSelectorsEnabled=true, unexpectedAlertBehaviour=}]
     [java] Session ID: 7ed0bebfb911c0e04b8ea18521904740
     [java]   TCKLiferayTestDriver.test:178 Test case V2DispatcherReqRespTests1_SPEC2_19_ForwardJSPEventRequest_getRequestURI failed.  Setup link could not be accessed. 
     [java] Exception: org.openqa.selenium.TimeoutException: Timed out after 3 seconds waiting for visibility of element located by By.id: V2DispatcherReqRespTests1_SPEC2_19_ForwardJSPEventRequest_getRequestURI-result
     [java] Build info: version: '2.53.1', revision: 'a36b8b1cd5757287168e54b817830adce9b0158d', time: '2016-06-30 19:26:09'
     [java] System info: host: 'first-liferay.local', ip: '192.168.0.4', os.name: 'Mac OS X', os.arch: 'x86_64', os.version: '10.13.3', java.version: '1.8.0_112'
     [java] Driver info: org.openqa.selenium.chrome.ChromeDriver
     [java] Capabilities [{applicationCacheEnabled=false, rotatable=false, mobileEmulationEnabled=false, networkConnectionEnabled=false, chrome={chromedriverVersion=2.29.461585 (0be2cd95f834e9ee7c46bcc7cf405b483f5ae83b), userDataDir=/var/folders/k0/dstgl9bn04n39ycq5yvdwjnr0000gn/T/.org.chromium.Chromium.XiChfP}, takesHeapSnapshot=true, pageLoadStrategy=normal, databaseEnabled=false, handlesAlerts=true, hasTouchScreen=false, version=59.0.3064.0, platform=MAC, browserConnectionEnabled=false, nativeEvents=true, acceptSslCerts=true, locationContextEnabled=true, webStorageEnabled=true, browserName=chrome, takesScreenshot=true, javascriptEnabled=true, cssSelectorsEnabled=true, unexpectedAlertBehaviour=}]
     [java] Session ID: 7ed0bebfb911c0e04b8ea18521904740
     [java]   TCKLiferayTestDriver.test:178 Test case V2DispatcherReqRespTests1_SPEC2_19_ForwardJSPEventRequest_getRequestURL failed.  Setup link could not be accessed. 
     [java] Exception: org.openqa.selenium.TimeoutException: Timed out after 3 seconds waiting for visibility of element located by By.id: V2DispatcherReqRespTests1_SPEC2_19_ForwardJSPEventRequest_getRequestURL-result
     [java] Build info: version: '2.53.1', revision: 'a36b8b1cd5757287168e54b817830adce9b0158d', time: '2016-06-30 19:26:09'
     [java] System info: host: 'first-liferay.local', ip: '192.168.0.4', os.name: 'Mac OS X', os.arch: 'x86_64', os.version: '10.13.3', java.version: '1.8.0_112'
     [java] Driver info: org.openqa.selenium.chrome.ChromeDriver
     [java] Capabilities [{applicationCacheEnabled=false, rotatable=false, mobileEmulationEnabled=false, networkConnectionEnabled=false, chrome={chromedriverVersion=2.29.461585 (0be2cd95f834e9ee7c46bcc7cf405b483f5ae83b), userDataDir=/var/folders/k0/dstgl9bn04n39ycq5yvdwjnr0000gn/T/.org.chromium.Chromium.XiChfP}, takesHeapSnapshot=true, pageLoadStrategy=normal, databaseEnabled=false, handlesAlerts=true, hasTouchScreen=false, version=59.0.3064.0, platform=MAC, browserConnectionEnabled=false, nativeEvents=true, acceptSslCerts=true, locationContextEnabled=true, webStorageEnabled=true, browserName=chrome, takesScreenshot=true, javascriptEnabled=true, cssSelectorsEnabled=true, unexpectedAlertBehaviour=}]
     [java] Session ID: 7ed0bebfb911c0e04b8ea18521904740
     [java]   TCKLiferayTestDriver.test:178 Test case V2DispatcherReqRespTests1_SPEC2_19_ForwardJSPEventRequest_getRequestedSessionId failed.  Setup link could not be accessed. 
     [java] Exception: org.openqa.selenium.TimeoutException: Timed out after 3 seconds waiting for visibility of element located by By.id: V2DispatcherReqRespTests1_SPEC2_19_ForwardJSPEventRequest_getRequestedSessionId-result
     [java] Build info: version: '2.53.1', revision: 'a36b8b1cd5757287168e54b817830adce9b0158d', time: '2016-06-30 19:26:09'
     [java] System info: host: 'first-liferay.local', ip: '192.168.0.4', os.name: 'Mac OS X', os.arch: 'x86_64', os.version: '10.13.3', java.version: '1.8.0_112'
     [java] Driver info: org.openqa.selenium.chrome.ChromeDriver
     [java] Capabilities [{applicationCacheEnabled=false, rotatable=false, mobileEmulationEnabled=false, networkConnectionEnabled=false, chrome={chromedriverVersion=2.29.461585 (0be2cd95f834e9ee7c46bcc7cf405b483f5ae83b), userDataDir=/var/folders/k0/dstgl9bn04n39ycq5yvdwjnr0000gn/T/.org.chromium.Chromium.XiChfP}, takesHeapSnapshot=true, pageLoadStrategy=normal, databaseEnabled=false, handlesAlerts=true, hasTouchScreen=false, version=59.0.3064.0, platform=MAC, browserConnectionEnabled=false, nativeEvents=true, acceptSslCerts=true, locationContextEnabled=true, webStorageEnabled=true, browserName=chrome, takesScreenshot=true, javascriptEnabled=true, cssSelectorsEnabled=true, unexpectedAlertBehaviour=}]
     [java] Session ID: 7ed0bebfb911c0e04b8ea18521904740
     [java]   TCKLiferayTestDriver.test:178 Test case V2DispatcherReqRespTests1_SPEC2_19_ForwardJSPEventRequest_getScheme failed.  Setup link could not be accessed. 
     [java] Exception: org.openqa.selenium.TimeoutException: Timed out after 3 seconds waiting for visibility of element located by By.id: V2DispatcherReqRespTests1_SPEC2_19_ForwardJSPEventRequest_getScheme-result
     [java] Build info: version: '2.53.1', revision: 'a36b8b1cd5757287168e54b817830adce9b0158d', time: '2016-06-30 19:26:09'
     [java] System info: host: 'first-liferay.local', ip: '192.168.0.4', os.name: 'Mac OS X', os.arch: 'x86_64', os.version: '10.13.3', java.version: '1.8.0_112'
     [java] Driver info: org.openqa.selenium.chrome.ChromeDriver
     [java] Capabilities [{applicationCacheEnabled=false, rotatable=false, mobileEmulationEnabled=false, networkConnectionEnabled=false, chrome={chromedriverVersion=2.29.461585 (0be2cd95f834e9ee7c46bcc7cf405b483f5ae83b), userDataDir=/var/folders/k0/dstgl9bn04n39ycq5yvdwjnr0000gn/T/.org.chromium.Chromium.XiChfP}, takesHeapSnapshot=true, pageLoadStrategy=normal, databaseEnabled=false, handlesAlerts=true, hasTouchScreen=false, version=59.0.3064.0, platform=MAC, browserConnectionEnabled=false, nativeEvents=true, acceptSslCerts=true, locationContextEnabled=true, webStorageEnabled=true, browserName=chrome, takesScreenshot=true, javascriptEnabled=true, cssSelectorsEnabled=true, unexpectedAlertBehaviour=}]
     [java] Session ID: 7ed0bebfb911c0e04b8ea18521904740
     [java]   TCKLiferayTestDriver.test:178 Test case V2DispatcherReqRespTests1_SPEC2_19_ForwardJSPEventRequest_getServerName failed.  Setup link could not be accessed. 
     [java] Exception: org.openqa.selenium.TimeoutException: Timed out after 3 seconds waiting for visibility of element located by By.id: V2DispatcherReqRespTests1_SPEC2_19_ForwardJSPEventRequest_getServerName-result
     [java] Build info: version: '2.53.1', revision: 'a36b8b1cd5757287168e54b817830adce9b0158d', time: '2016-06-30 19:26:09'
     [java] System info: host: 'first-liferay.local', ip: '192.168.0.4', os.name: 'Mac OS X', os.arch: 'x86_64', os.version: '10.13.3', java.version: '1.8.0_112'
     [java] Driver info: org.openqa.selenium.chrome.ChromeDriver
     [java] Capabilities [{applicationCacheEnabled=false, rotatable=false, mobileEmulationEnabled=false, networkConnectionEnabled=false, chrome={chromedriverVersion=2.29.461585 (0be2cd95f834e9ee7c46bcc7cf405b483f5ae83b), userDataDir=/var/folders/k0/dstgl9bn04n39ycq5yvdwjnr0000gn/T/.org.chromium.Chromium.XiChfP}, takesHeapSnapshot=true, pageLoadStrategy=normal, databaseEnabled=false, handlesAlerts=true, hasTouchScreen=false, version=59.0.3064.0, platform=MAC, browserConnectionEnabled=false, nativeEvents=true, acceptSslCerts=true, locationContextEnabled=true, webStorageEnabled=true, browserName=chrome, takesScreenshot=true, javascriptEnabled=true, cssSelectorsEnabled=true, unexpectedAlertBehaviour=}]
     [java] Session ID: 7ed0bebfb911c0e04b8ea18521904740
     [java]   TCKLiferayTestDriver.test:178 Test case V2DispatcherReqRespTests1_SPEC2_19_ForwardJSPEventRequest_getServerPort failed.  Setup link could not be accessed. 
     [java] Exception: org.openqa.selenium.TimeoutException: Timed out after 3 seconds waiting for visibility of element located by By.id: V2DispatcherReqRespTests1_SPEC2_19_ForwardJSPEventRequest_getServerPort-result
     [java] Build info: version: '2.53.1', revision: 'a36b8b1cd5757287168e54b817830adce9b0158d', time: '2016-06-30 19:26:09'
     [java] System info: host: 'first-liferay.local', ip: '192.168.0.4', os.name: 'Mac OS X', os.arch: 'x86_64', os.version: '10.13.3', java.version: '1.8.0_112'
     [java] Driver info: org.openqa.selenium.chrome.ChromeDriver
     [java] Capabilities [{applicationCacheEnabled=false, rotatable=false, mobileEmulationEnabled=false, networkConnectionEnabled=false, chrome={chromedriverVersion=2.29.461585 (0be2cd95f834e9ee7c46bcc7cf405b483f5ae83b), userDataDir=/var/folders/k0/dstgl9bn04n39ycq5yvdwjnr0000gn/T/.org.chromium.Chromium.XiChfP}, takesHeapSnapshot=true, pageLoadStrategy=normal, databaseEnabled=false, handlesAlerts=true, hasTouchScreen=false, version=59.0.3064.0, platform=MAC, browserConnectionEnabled=false, nativeEvents=true, acceptSslCerts=true, locationContextEnabled=true, webStorageEnabled=true, browserName=chrome, takesScreenshot=true, javascriptEnabled=true, cssSelectorsEnabled=true, unexpectedAlertBehaviour=}]
     [java] Session ID: 7ed0bebfb911c0e04b8ea18521904740
     [java]   TCKLiferayTestDriver.test:178 Test case V2DispatcherReqRespTests1_SPEC2_19_ForwardJSPEventRequest_getServletPath failed.  Setup link could not be accessed. 
     [java] Exception: org.openqa.selenium.TimeoutException: Timed out after 3 seconds waiting for visibility of element located by By.id: V2DispatcherReqRespTests1_SPEC2_19_ForwardJSPEventRequest_getServletPath-result
     [java] Build info: version: '2.53.1', revision: 'a36b8b1cd5757287168e54b817830adce9b0158d', time: '2016-06-30 19:26:09'
     [java] System info: host: 'first-liferay.local', ip: '192.168.0.4', os.name: 'Mac OS X', os.arch: 'x86_64', os.version: '10.13.3', java.version: '1.8.0_112'
     [java] Driver info: org.openqa.selenium.chrome.ChromeDriver
     [java] Capabilities [{applicationCacheEnabled=false, rotatable=false, mobileEmulationEnabled=false, networkConnectionEnabled=false, chrome={chromedriverVersion=2.29.461585 (0be2cd95f834e9ee7c46bcc7cf405b483f5ae83b), userDataDir=/var/folders/k0/dstgl9bn04n39ycq5yvdwjnr0000gn/T/.org.chromium.Chromium.XiChfP}, takesHeapSnapshot=true, pageLoadStrategy=normal, databaseEnabled=false, handlesAlerts=true, hasTouchScreen=false, version=59.0.3064.0, platform=MAC, browserConnectionEnabled=false, nativeEvents=true, acceptSslCerts=true, locationContextEnabled=true, webStorageEnabled=true, browserName=chrome, takesScreenshot=true, javascriptEnabled=true, cssSelectorsEnabled=true, unexpectedAlertBehaviour=}]
     [java] Session ID: 7ed0bebfb911c0e04b8ea18521904740
     [java]   TCKLiferayTestDriver.test:178 Test case V2DispatcherReqRespTests1_SPEC2_19_ForwardJSPEventRequest_getSession failed.  Setup link could not be accessed. 
     [java] Exception: org.openqa.selenium.TimeoutException: Timed out after 3 seconds waiting for visibility of element located by By.id: V2DispatcherReqRespTests1_SPEC2_19_ForwardJSPEventRequest_getSession-result
     [java] Build info: version: '2.53.1', revision: 'a36b8b1cd5757287168e54b817830adce9b0158d', time: '2016-06-30 19:26:09'
     [java] System info: host: 'first-liferay.local', ip: '192.168.0.4', os.name: 'Mac OS X', os.arch: 'x86_64', os.version: '10.13.3', java.version: '1.8.0_112'
     [java] Driver info: org.openqa.selenium.chrome.ChromeDriver
     [java] Capabilities [{applicationCacheEnabled=false, rotatable=false, mobileEmulationEnabled=false, networkConnectionEnabled=false, chrome={chromedriverVersion=2.29.461585 (0be2cd95f834e9ee7c46bcc7cf405b483f5ae83b), userDataDir=/var/folders/k0/dstgl9bn04n39ycq5yvdwjnr0000gn/T/.org.chromium.Chromium.XiChfP}, takesHeapSnapshot=true, pageLoadStrategy=normal, databaseEnabled=false, handlesAlerts=true, hasTouchScreen=false, version=59.0.3064.0, platform=MAC, browserConnectionEnabled=false, nativeEvents=true, acceptSslCerts=true, locationContextEnabled=true, webStorageEnabled=true, browserName=chrome, takesScreenshot=true, javascriptEnabled=true, cssSelectorsEnabled=true, unexpectedAlertBehaviour=}]
     [java] Session ID: 7ed0bebfb911c0e04b8ea18521904740
     [java]   TCKLiferayTestDriver.test:178 Test case V2DispatcherReqRespTests1_SPEC2_19_ForwardJSPEventRequest_getUserPrincipal failed.  Setup link could not be accessed. 
     [java] Exception: org.openqa.selenium.TimeoutException: Timed out after 3 seconds waiting for visibility of element located by By.id: V2DispatcherReqRespTests1_SPEC2_19_ForwardJSPEventRequest_getUserPrincipal-result
     [java] Build info: version: '2.53.1', revision: 'a36b8b1cd5757287168e54b817830adce9b0158d', time: '2016-06-30 19:26:09'
     [java] System info: host: 'first-liferay.local', ip: '192.168.0.4', os.name: 'Mac OS X', os.arch: 'x86_64', os.version: '10.13.3', java.version: '1.8.0_112'
     [java] Driver info: org.openqa.selenium.chrome.ChromeDriver
     [java] Capabilities [{applicationCacheEnabled=false, rotatable=false, mobileEmulationEnabled=false, networkConnectionEnabled=false, chrome={chromedriverVersion=2.29.461585 (0be2cd95f834e9ee7c46bcc7cf405b483f5ae83b), userDataDir=/var/folders/k0/dstgl9bn04n39ycq5yvdwjnr0000gn/T/.org.chromium.Chromium.XiChfP}, takesHeapSnapshot=true, pageLoadStrategy=normal, databaseEnabled=false, handlesAlerts=true, hasTouchScreen=false, version=59.0.3064.0, platform=MAC, browserConnectionEnabled=false, nativeEvents=true, acceptSslCerts=true, locationContextEnabled=true, webStorageEnabled=true, browserName=chrome, takesScreenshot=true, javascriptEnabled=true, cssSelectorsEnabled=true, unexpectedAlertBehaviour=}]
     [java] Session ID: 7ed0bebfb911c0e04b8ea18521904740
     [java]   TCKLiferayTestDriver.test:178 Test case V2DispatcherReqRespTests1_SPEC2_19_ForwardJSPEventRequest_isRequestedSessionIdValid failed.  Setup link could not be accessed. 
     [java] Exception: org.openqa.selenium.TimeoutException: Timed out after 3 seconds waiting for visibility of element located by By.id: V2DispatcherReqRespTests1_SPEC2_19_ForwardJSPEventRequest_isRequestedSessionIdValid-result
     [java] Build info: version: '2.53.1', revision: 'a36b8b1cd5757287168e54b817830adce9b0158d', time: '2016-06-30 19:26:09'
     [java] System info: host: 'first-liferay.local', ip: '192.168.0.4', os.name: 'Mac OS X', os.arch: 'x86_64', os.version: '10.13.3', java.version: '1.8.0_112'
     [java] Driver info: org.openqa.selenium.chrome.ChromeDriver
     [java] Capabilities [{applicationCacheEnabled=false, rotatable=false, mobileEmulationEnabled=false, networkConnectionEnabled=false, chrome={chromedriverVersion=2.29.461585 (0be2cd95f834e9ee7c46bcc7cf405b483f5ae83b), userDataDir=/var/folders/k0/dstgl9bn04n39ycq5yvdwjnr0000gn/T/.org.chromium.Chromium.XiChfP}, takesHeapSnapshot=true, pageLoadStrategy=normal, databaseEnabled=false, handlesAlerts=true, hasTouchScreen=false, version=59.0.3064.0, platform=MAC, browserConnectionEnabled=false, nativeEvents=true, acceptSslCerts=true, locationContextEnabled=true, webStorageEnabled=true, browserName=chrome, takesScreenshot=true, javascriptEnabled=true, cssSelectorsEnabled=true, unexpectedAlertBehaviour=}]
     [java] Session ID: 7ed0bebfb911c0e04b8ea18521904740
     [java]   TCKLiferayTestDriver.test:178 Test case V2DispatcherReqRespTests1_SPEC2_19_ForwardJSPEventRequest_isSecure failed.  Setup link could not be accessed. 
     [java] Exception: org.openqa.selenium.TimeoutException: Timed out after 3 seconds waiting for visibility of element located by By.id: V2DispatcherReqRespTests1_SPEC2_19_ForwardJSPEventRequest_isSecure-result
     [java] Build info: version: '2.53.1', revision: 'a36b8b1cd5757287168e54b817830adce9b0158d', time: '2016-06-30 19:26:09'
     [java] System info: host: 'first-liferay.local', ip: '192.168.0.4', os.name: 'Mac OS X', os.arch: 'x86_64', os.version: '10.13.3', java.version: '1.8.0_112'
     [java] Driver info: org.openqa.selenium.chrome.ChromeDriver
     [java] Capabilities [{applicationCacheEnabled=false, rotatable=false, mobileEmulationEnabled=false, networkConnectionEnabled=false, chrome={chromedriverVersion=2.29.461585 (0be2cd95f834e9ee7c46bcc7cf405b483f5ae83b), userDataDir=/var/folders/k0/dstgl9bn04n39ycq5yvdwjnr0000gn/T/.org.chromium.Chromium.XiChfP}, takesHeapSnapshot=true, pageLoadStrategy=normal, databaseEnabled=false, handlesAlerts=true, hasTouchScreen=false, version=59.0.3064.0, platform=MAC, browserConnectionEnabled=false, nativeEvents=true, acceptSslCerts=true, locationContextEnabled=true, webStorageEnabled=true, browserName=chrome, takesScreenshot=true, javascriptEnabled=true, cssSelectorsEnabled=true, unexpectedAlertBehaviour=}]
     [java] Session ID: 7ed0bebfb911c0e04b8ea18521904740
     [java]   TCKLiferayTestDriver.test:178 Test case V2DispatcherReqRespTests1_SPEC2_19_ForwardJSPEventRequest_isUserInRole failed.  Setup link could not be accessed. 
     [java] Exception: org.openqa.selenium.TimeoutException: Timed out after 3 seconds waiting for visibility of element located by By.id: V2DispatcherReqRespTests1_SPEC2_19_ForwardJSPEventRequest_isUserInRole-result
     [java] Build info: version: '2.53.1', revision: 'a36b8b1cd5757287168e54b817830adce9b0158d', time: '2016-06-30 19:26:09'
     [java] System info: host: 'first-liferay.local', ip: '192.168.0.4', os.name: 'Mac OS X', os.arch: 'x86_64', os.version: '10.13.3', java.version: '1.8.0_112'
     [java] Driver info: org.openqa.selenium.chrome.ChromeDriver
     [java] Capabilities [{applicationCacheEnabled=false, rotatable=false, mobileEmulationEnabled=false, networkConnectionEnabled=false, chrome={chromedriverVersion=2.29.461585 (0be2cd95f834e9ee7c46bcc7cf405b483f5ae83b), userDataDir=/var/folders/k0/dstgl9bn04n39ycq5yvdwjnr0000gn/T/.org.chromium.Chromium.XiChfP}, takesHeapSnapshot=true, pageLoadStrategy=normal, databaseEnabled=false, handlesAlerts=true, hasTouchScreen=false, version=59.0.3064.0, platform=MAC, browserConnectionEnabled=false, nativeEvents=true, acceptSslCerts=true, locationContextEnabled=true, webStorageEnabled=true, browserName=chrome, takesScreenshot=true, javascriptEnabled=true, cssSelectorsEnabled=true, unexpectedAlertBehaviour=}]
     [java] Session ID: 7ed0bebfb911c0e04b8ea18521904740
     [java]   TCKLiferayTestDriver.test:178 Test case V2DispatcherReqRespTests1_SPEC2_19_ForwardJSPEventRequest_removeAttribute failed.  Setup link could not be accessed. 
     [java] Exception: org.openqa.selenium.TimeoutException: Timed out after 3 seconds waiting for visibility of element located by By.id: V2DispatcherReqRespTests1_SPEC2_19_ForwardJSPEventRequest_removeAttribute-result
     [java] Build info: version: '2.53.1', revision: 'a36b8b1cd5757287168e54b817830adce9b0158d', time: '2016-06-30 19:26:09'
     [java] System info: host: 'first-liferay.local', ip: '192.168.0.4', os.name: 'Mac OS X', os.arch: 'x86_64', os.version: '10.13.3', java.version: '1.8.0_112'
     [java] Driver info: org.openqa.selenium.chrome.ChromeDriver
     [java] Capabilities [{applicationCacheEnabled=false, rotatable=false, mobileEmulationEnabled=false, networkConnectionEnabled=false, chrome={chromedriverVersion=2.29.461585 (0be2cd95f834e9ee7c46bcc7cf405b483f5ae83b), userDataDir=/var/folders/k0/dstgl9bn04n39ycq5yvdwjnr0000gn/T/.org.chromium.Chromium.XiChfP}, takesHeapSnapshot=true, pageLoadStrategy=normal, databaseEnabled=false, handlesAlerts=true, hasTouchScreen=false, version=59.0.3064.0, platform=MAC, browserConnectionEnabled=false, nativeEvents=true, acceptSslCerts=true, locationContextEnabled=true, webStorageEnabled=true, browserName=chrome, takesScreenshot=true, javascriptEnabled=true, cssSelectorsEnabled=true, unexpectedAlertBehaviour=}]
     [java] Session ID: 7ed0bebfb911c0e04b8ea18521904740
     [java]   TCKLiferayTestDriver.test:178 Test case V2DispatcherReqRespTests1_SPEC2_19_ForwardJSPEventRequest_setAttribute failed.  Setup link could not be accessed. 
     [java] Exception: org.openqa.selenium.TimeoutException: Timed out after 3 seconds waiting for visibility of element located by By.id: V2DispatcherReqRespTests1_SPEC2_19_ForwardJSPEventRequest_setAttribute-result
     [java] Build info: version: '2.53.1', revision: 'a36b8b1cd5757287168e54b817830adce9b0158d', time: '2016-06-30 19:26:09'
     [java] System info: host: 'first-liferay.local', ip: '192.168.0.4', os.name: 'Mac OS X', os.arch: 'x86_64', os.version: '10.13.3', java.version: '1.8.0_112'
     [java] Driver info: org.openqa.selenium.chrome.ChromeDriver
     [java] Capabilities [{applicationCacheEnabled=false, rotatable=false, mobileEmulationEnabled=false, networkConnectionEnabled=false, chrome={chromedriverVersion=2.29.461585 (0be2cd95f834e9ee7c46bcc7cf405b483f5ae83b), userDataDir=/var/folders/k0/dstgl9bn04n39ycq5yvdwjnr0000gn/T/.org.chromium.Chromium.XiChfP}, takesHeapSnapshot=true, pageLoadStrategy=normal, databaseEnabled=false, handlesAlerts=true, hasTouchScreen=false, version=59.0.3064.0, platform=MAC, browserConnectionEnabled=false, nativeEvents=true, acceptSslCerts=true, locationContextEnabled=true, webStorageEnabled=true, browserName=chrome, takesScreenshot=true, javascriptEnabled=true, cssSelectorsEnabled=true, unexpectedAlertBehaviour=}]
     [java] Session ID: 7ed0bebfb911c0e04b8ea18521904740
     [java]   TCKLiferayTestDriver.test:178 Test case V2DispatcherReqRespTests1_SPEC2_19_ForwardJSPEventResponse_containsHeader failed.  Setup link could not be accessed. 
     [java] Exception: org.openqa.selenium.TimeoutException: Timed out after 3 seconds waiting for visibility of element located by By.id: V2DispatcherReqRespTests1_SPEC2_19_ForwardJSPEventResponse_containsHeader-result
     [java] Build info: version: '2.53.1', revision: 'a36b8b1cd5757287168e54b817830adce9b0158d', time: '2016-06-30 19:26:09'
     [java] System info: host: 'first-liferay.local', ip: '192.168.0.4', os.name: 'Mac OS X', os.arch: 'x86_64', os.version: '10.13.3', java.version: '1.8.0_112'
     [java] Driver info: org.openqa.selenium.chrome.ChromeDriver
     [java] Capabilities [{applicationCacheEnabled=false, rotatable=false, mobileEmulationEnabled=false, networkConnectionEnabled=false, chrome={chromedriverVersion=2.29.461585 (0be2cd95f834e9ee7c46bcc7cf405b483f5ae83b), userDataDir=/var/folders/k0/dstgl9bn04n39ycq5yvdwjnr0000gn/T/.org.chromium.Chromium.XiChfP}, takesHeapSnapshot=true, pageLoadStrategy=normal, databaseEnabled=false, handlesAlerts=true, hasTouchScreen=false, version=59.0.3064.0, platform=MAC, browserConnectionEnabled=false, nativeEvents=true, acceptSslCerts=true, locationContextEnabled=true, webStorageEnabled=true, browserName=chrome, takesScreenshot=true, javascriptEnabled=true, cssSelectorsEnabled=true, unexpectedAlertBehaviour=}]
     [java] Session ID: 7ed0bebfb911c0e04b8ea18521904740
     [java]   TCKLiferayTestDriver.test:178 Test case V2DispatcherReqRespTests1_SPEC2_19_ForwardJSPEventResponse_encodeRedirectURL1 failed.  Setup link could not be accessed. 
     [java] Exception: org.openqa.selenium.TimeoutException: Timed out after 3 seconds waiting for visibility of element located by By.id: V2DispatcherReqRespTests1_SPEC2_19_ForwardJSPEventResponse_encodeRedirectURL1-result
     [java] Build info: version: '2.53.1', revision: 'a36b8b1cd5757287168e54b817830adce9b0158d', time: '2016-06-30 19:26:09'
     [java] System info: host: 'first-liferay.local', ip: '192.168.0.4', os.name: 'Mac OS X', os.arch: 'x86_64', os.version: '10.13.3', java.version: '1.8.0_112'
     [java] Driver info: org.openqa.selenium.chrome.ChromeDriver
     [java] Capabilities [{applicationCacheEnabled=false, rotatable=false, mobileEmulationEnabled=false, networkConnectionEnabled=false, chrome={chromedriverVersion=2.29.461585 (0be2cd95f834e9ee7c46bcc7cf405b483f5ae83b), userDataDir=/var/folders/k0/dstgl9bn04n39ycq5yvdwjnr0000gn/T/.org.chromium.Chromium.XiChfP}, takesHeapSnapshot=true, pageLoadStrategy=normal, databaseEnabled=false, handlesAlerts=true, hasTouchScreen=false, version=59.0.3064.0, platform=MAC, browserConnectionEnabled=false, nativeEvents=true, acceptSslCerts=true, locationContextEnabled=true, webStorageEnabled=true, browserName=chrome, takesScreenshot=true, javascriptEnabled=true, cssSelectorsEnabled=true, unexpectedAlertBehaviour=}]
     [java] Session ID: 7ed0bebfb911c0e04b8ea18521904740
     [java]   TCKLiferayTestDriver.test:178 Test case V2DispatcherReqRespTests1_SPEC2_19_ForwardJSPEventResponse_encodeRedirectUrl failed.  Setup link could not be accessed. 
     [java] Exception: org.openqa.selenium.TimeoutException: Timed out after 3 seconds waiting for visibility of element located by By.id: V2DispatcherReqRespTests1_SPEC2_19_ForwardJSPEventResponse_encodeRedirectUrl-result
     [java] Build info: version: '2.53.1', revision: 'a36b8b1cd5757287168e54b817830adce9b0158d', time: '2016-06-30 19:26:09'
     [java] System info: host: 'first-liferay.local', ip: '192.168.0.4', os.name: 'Mac OS X', os.arch: 'x86_64', os.version: '10.13.3', java.version: '1.8.0_112'
     [java] Driver info: org.openqa.selenium.chrome.ChromeDriver
     [java] Capabilities [{applicationCacheEnabled=false, rotatable=false, mobileEmulationEnabled=false, networkConnectionEnabled=false, chrome={chromedriverVersion=2.29.461585 (0be2cd95f834e9ee7c46bcc7cf405b483f5ae83b), userDataDir=/var/folders/k0/dstgl9bn04n39ycq5yvdwjnr0000gn/T/.org.chromium.Chromium.XiChfP}, takesHeapSnapshot=true, pageLoadStrategy=normal, databaseEnabled=false, handlesAlerts=true, hasTouchScreen=false, version=59.0.3064.0, platform=MAC, browserConnectionEnabled=false, nativeEvents=true, acceptSslCerts=true, locationContextEnabled=true, webStorageEnabled=true, browserName=chrome, takesScreenshot=true, javascriptEnabled=true, cssSelectorsEnabled=true, unexpectedAlertBehaviour=}]
     [java] Session ID: 7ed0bebfb911c0e04b8ea18521904740
     [java]   TCKLiferayTestDriver.test:178 Test case V2DispatcherReqRespTests1_SPEC2_19_ForwardJSPEventResponse_encodeURL1 failed.  Setup link could not be accessed. 
     [java] Exception: org.openqa.selenium.TimeoutException: Timed out after 3 seconds waiting for visibility of element located by By.id: V2DispatcherReqRespTests1_SPEC2_19_ForwardJSPEventResponse_encodeURL1-result
     [java] Build info: version: '2.53.1', revision: 'a36b8b1cd5757287168e54b817830adce9b0158d', time: '2016-06-30 19:26:09'
     [java] System info: host: 'first-liferay.local', ip: '192.168.0.4', os.name: 'Mac OS X', os.arch: 'x86_64', os.version: '10.13.3', java.version: '1.8.0_112'
     [java] Driver info: org.openqa.selenium.chrome.ChromeDriver
     [java] Capabilities [{applicationCacheEnabled=false, rotatable=false, mobileEmulationEnabled=false, networkConnectionEnabled=false, chrome={chromedriverVersion=2.29.461585 (0be2cd95f834e9ee7c46bcc7cf405b483f5ae83b), userDataDir=/var/folders/k0/dstgl9bn04n39ycq5yvdwjnr0000gn/T/.org.chromium.Chromium.XiChfP}, takesHeapSnapshot=true, pageLoadStrategy=normal, databaseEnabled=false, handlesAlerts=true, hasTouchScreen=false, version=59.0.3064.0, platform=MAC, browserConnectionEnabled=false, nativeEvents=true, acceptSslCerts=true, locationContextEnabled=true, webStorageEnabled=true, browserName=chrome, takesScreenshot=true, javascriptEnabled=true, cssSelectorsEnabled=true, unexpectedAlertBehaviour=}]
     [java] Session ID: 7ed0bebfb911c0e04b8ea18521904740
     [java]   TCKLiferayTestDriver.test:178 Test case V2DispatcherReqRespTests1_SPEC2_19_ForwardJSPEventResponse_encodeUrl failed.  Setup link could not be accessed. 
     [java] Exception: org.openqa.selenium.TimeoutException: Timed out after 3 seconds waiting for visibility of element located by By.id: V2DispatcherReqRespTests1_SPEC2_19_ForwardJSPEventResponse_encodeUrl-result
     [java] Build info: version: '2.53.1', revision: 'a36b8b1cd5757287168e54b817830adce9b0158d', time: '2016-06-30 19:26:09'
     [java] System info: host: 'first-liferay.local', ip: '192.168.0.4', os.name: 'Mac OS X', os.arch: 'x86_64', os.version: '10.13.3', java.version: '1.8.0_112'
     [java] Driver info: org.openqa.selenium.chrome.ChromeDriver
     [java] Capabilities [{applicationCacheEnabled=false, rotatable=false, mobileEmulationEnabled=false, networkConnectionEnabled=false, chrome={chromedriverVersion=2.29.461585 (0be2cd95f834e9ee7c46bcc7cf405b483f5ae83b), userDataDir=/var/folders/k0/dstgl9bn04n39ycq5yvdwjnr0000gn/T/.org.chromium.Chromium.XiChfP}, takesHeapSnapshot=true, pageLoadStrategy=normal, databaseEnabled=false, handlesAlerts=true, hasTouchScreen=false, version=59.0.3064.0, platform=MAC, browserConnectionEnabled=false, nativeEvents=true, acceptSslCerts=true, locationContextEnabled=true, webStorageEnabled=true, browserName=chrome, takesScreenshot=true, javascriptEnabled=true, cssSelectorsEnabled=true, unexpectedAlertBehaviour=}]
     [java] Session ID: 7ed0bebfb911c0e04b8ea18521904740
     [java]   TCKLiferayTestDriver.test:178 Test case V2DispatcherReqRespTests1_SPEC2_19_ForwardJSPEventResponse_getBufferSize failed.  Setup link could not be accessed. 
     [java] Exception: org.openqa.selenium.TimeoutException: Timed out after 3 seconds waiting for visibility of element located by By.id: V2DispatcherReqRespTests1_SPEC2_19_ForwardJSPEventResponse_getBufferSize-result
     [java] Build info: version: '2.53.1', revision: 'a36b8b1cd5757287168e54b817830adce9b0158d', time: '2016-06-30 19:26:09'
     [java] System info: host: 'first-liferay.local', ip: '192.168.0.4', os.name: 'Mac OS X', os.arch: 'x86_64', os.version: '10.13.3', java.version: '1.8.0_112'
     [java] Driver info: org.openqa.selenium.chrome.ChromeDriver
     [java] Capabilities [{applicationCacheEnabled=false, rotatable=false, mobileEmulationEnabled=false, networkConnectionEnabled=false, chrome={chromedriverVersion=2.29.461585 (0be2cd95f834e9ee7c46bcc7cf405b483f5ae83b), userDataDir=/var/folders/k0/dstgl9bn04n39ycq5yvdwjnr0000gn/T/.org.chromium.Chromium.XiChfP}, takesHeapSnapshot=true, pageLoadStrategy=normal, databaseEnabled=false, handlesAlerts=true, hasTouchScreen=false, version=59.0.3064.0, platform=MAC, browserConnectionEnabled=false, nativeEvents=true, acceptSslCerts=true, locationContextEnabled=true, webStorageEnabled=true, browserName=chrome, takesScreenshot=true, javascriptEnabled=true, cssSelectorsEnabled=true, unexpectedAlertBehaviour=}]
     [java] Session ID: 7ed0bebfb911c0e04b8ea18521904740
     [java]   TCKLiferayTestDriver.test:178 Test case V2DispatcherReqRespTests1_SPEC2_19_ForwardJSPEventResponse_getCharacterEncoding failed.  Setup link could not be accessed. 
     [java] Exception: org.openqa.selenium.TimeoutException: Timed out after 3 seconds waiting for visibility of element located by By.id: V2DispatcherReqRespTests1_SPEC2_19_ForwardJSPEventResponse_getCharacterEncoding-result
     [java] Build info: version: '2.53.1', revision: 'a36b8b1cd5757287168e54b817830adce9b0158d', time: '2016-06-30 19:26:09'
     [java] System info: host: 'first-liferay.local', ip: '192.168.0.4', os.name: 'Mac OS X', os.arch: 'x86_64', os.version: '10.13.3', java.version: '1.8.0_112'
     [java] Driver info: org.openqa.selenium.chrome.ChromeDriver
     [java] Capabilities [{applicationCacheEnabled=false, rotatable=false, mobileEmulationEnabled=false, networkConnectionEnabled=false, chrome={chromedriverVersion=2.29.461585 (0be2cd95f834e9ee7c46bcc7cf405b483f5ae83b), userDataDir=/var/folders/k0/dstgl9bn04n39ycq5yvdwjnr0000gn/T/.org.chromium.Chromium.XiChfP}, takesHeapSnapshot=true, pageLoadStrategy=normal, databaseEnabled=false, handlesAlerts=true, hasTouchScreen=false, version=59.0.3064.0, platform=MAC, browserConnectionEnabled=false, nativeEvents=true, acceptSslCerts=true, locationContextEnabled=true, webStorageEnabled=true, browserName=chrome, takesScreenshot=true, javascriptEnabled=true, cssSelectorsEnabled=true, unexpectedAlertBehaviour=}]
     [java] Session ID: 7ed0bebfb911c0e04b8ea18521904740
     [java]   TCKLiferayTestDriver.test:178 Test case V2DispatcherReqRespTests1_SPEC2_19_ForwardJSPEventResponse_getContentType failed.  Setup link could not be accessed. 
     [java] Exception: org.openqa.selenium.TimeoutException: Timed out after 3 seconds waiting for visibility of element located by By.id: V2DispatcherReqRespTests1_SPEC2_19_ForwardJSPEventResponse_getContentType-result
     [java] Build info: version: '2.53.1', revision: 'a36b8b1cd5757287168e54b817830adce9b0158d', time: '2016-06-30 19:26:09'
     [java] System info: host: 'first-liferay.local', ip: '192.168.0.4', os.name: 'Mac OS X', os.arch: 'x86_64', os.version: '10.13.3', java.version: '1.8.0_112'
     [java] Driver info: org.openqa.selenium.chrome.ChromeDriver
     [java] Capabilities [{applicationCacheEnabled=false, rotatable=false, mobileEmulationEnabled=false, networkConnectionEnabled=false, chrome={chromedriverVersion=2.29.461585 (0be2cd95f834e9ee7c46bcc7cf405b483f5ae83b), userDataDir=/var/folders/k0/dstgl9bn04n39ycq5yvdwjnr0000gn/T/.org.chromium.Chromium.XiChfP}, takesHeapSnapshot=true, pageLoadStrategy=normal, databaseEnabled=false, handlesAlerts=true, hasTouchScreen=false, version=59.0.3064.0, platform=MAC, browserConnectionEnabled=false, nativeEvents=true, acceptSslCerts=true, locationContextEnabled=true, webStorageEnabled=true, browserName=chrome, takesScreenshot=true, javascriptEnabled=true, cssSelectorsEnabled=true, unexpectedAlertBehaviour=}]
     [java] Session ID: 7ed0bebfb911c0e04b8ea18521904740
     [java]   TCKLiferayTestDriver.test:178 Test case V2DispatcherReqRespTests1_SPEC2_19_ForwardJSPEventResponse_getLocale failed.  Setup link could not be accessed. 
     [java] Exception: org.openqa.selenium.TimeoutException: Timed out after 3 seconds waiting for visibility of element located by By.id: V2DispatcherReqRespTests1_SPEC2_19_ForwardJSPEventResponse_getLocale-result
     [java] Build info: version: '2.53.1', revision: 'a36b8b1cd5757287168e54b817830adce9b0158d', time: '2016-06-30 19:26:09'
     [java] System info: host: 'first-liferay.local', ip: '192.168.0.4', os.name: 'Mac OS X', os.arch: 'x86_64', os.version: '10.13.3', java.version: '1.8.0_112'
     [java] Driver info: org.openqa.selenium.chrome.ChromeDriver
     [java] Capabilities [{applicationCacheEnabled=false, rotatable=false, mobileEmulationEnabled=false, networkConnectionEnabled=false, chrome={chromedriverVersion=2.29.461585 (0be2cd95f834e9ee7c46bcc7cf405b483f5ae83b), userDataDir=/var/folders/k0/dstgl9bn04n39ycq5yvdwjnr0000gn/T/.org.chromium.Chromium.XiChfP}, takesHeapSnapshot=true, pageLoadStrategy=normal, databaseEnabled=false, handlesAlerts=true, hasTouchScreen=false, version=59.0.3064.0, platform=MAC, browserConnectionEnabled=false, nativeEvents=true, acceptSslCerts=true, locationContextEnabled=true, webStorageEnabled=true, browserName=chrome, takesScreenshot=true, javascriptEnabled=true, cssSelectorsEnabled=true, unexpectedAlertBehaviour=}]
     [java] Session ID: 7ed0bebfb911c0e04b8ea18521904740
     [java]   TCKLiferayTestDriver.test:178 Test case V2DispatcherReqRespTests1_SPEC2_19_ForwardJSPEventResponse_isCommitted failed.  Setup link could not be accessed. 
     [java] Exception: org.openqa.selenium.TimeoutException: Timed out after 3 seconds waiting for visibility of element located by By.id: V2DispatcherReqRespTests1_SPEC2_19_ForwardJSPEventResponse_isCommitted-result
     [java] Build info: version: '2.53.1', revision: 'a36b8b1cd5757287168e54b817830adce9b0158d', time: '2016-06-30 19:26:09'
     [java] System info: host: 'first-liferay.local', ip: '192.168.0.4', os.name: 'Mac OS X', os.arch: 'x86_64', os.version: '10.13.3', java.version: '1.8.0_112'
     [java] Driver info: org.openqa.selenium.chrome.ChromeDriver
     [java] Capabilities [{applicationCacheEnabled=false, rotatable=false, mobileEmulationEnabled=false, networkConnectionEnabled=false, chrome={chromedriverVersion=2.29.461585 (0be2cd95f834e9ee7c46bcc7cf405b483f5ae83b), userDataDir=/var/folders/k0/dstgl9bn04n39ycq5yvdwjnr0000gn/T/.org.chromium.Chromium.XiChfP}, takesHeapSnapshot=true, pageLoadStrategy=normal, databaseEnabled=false, handlesAlerts=true, hasTouchScreen=false, version=59.0.3064.0, platform=MAC, browserConnectionEnabled=false, nativeEvents=true, acceptSslCerts=true, locationContextEnabled=true, webStorageEnabled=true, browserName=chrome, takesScreenshot=true, javascriptEnabled=true, cssSelectorsEnabled=true, unexpectedAlertBehaviour=}]
     [java] Session ID: 7ed0bebfb911c0e04b8ea18521904740
     [java]   TCKLiferayTestDriver.test:178 Test case V2DispatcherReqRespTests1_SPEC2_19_ForwardJSPResourceRequest_getParameter failed.  Setup link could not be accessed. 
     [java] Exception: org.openqa.selenium.TimeoutException: Timed out after 3 seconds waiting for presence of any elements located by By.xpath: //*[@id='V2DispatcherReqRespTests1_SPEC2_19_ForwardJSPResourceRequest_getParameter-result'] | //*[@id='V2DispatcherReqRespTests1_SPEC2_19_ForwardJSPResourceRequest_getParameter-clickme']
     [java] Build info: version: '2.53.1', revision: 'a36b8b1cd5757287168e54b817830adce9b0158d', time: '2016-06-30 19:26:09'
     [java] System info: host: 'first-liferay.local', ip: '192.168.0.4', os.name: 'Mac OS X', os.arch: 'x86_64', os.version: '10.13.3', java.version: '1.8.0_112'
     [java] Driver info: org.openqa.selenium.chrome.ChromeDriver
     [java] Capabilities [{applicationCacheEnabled=false, rotatable=false, mobileEmulationEnabled=false, networkConnectionEnabled=false, chrome={chromedriverVersion=2.29.461585 (0be2cd95f834e9ee7c46bcc7cf405b483f5ae83b), userDataDir=/var/folders/k0/dstgl9bn04n39ycq5yvdwjnr0000gn/T/.org.chromium.Chromium.XiChfP}, takesHeapSnapshot=true, pageLoadStrategy=normal, databaseEnabled=false, handlesAlerts=true, hasTouchScreen=false, version=59.0.3064.0, platform=MAC, browserConnectionEnabled=false, nativeEvents=true, acceptSslCerts=true, locationContextEnabled=true, webStorageEnabled=true, browserName=chrome, takesScreenshot=true, javascriptEnabled=true, cssSelectorsEnabled=true, unexpectedAlertBehaviour=}]
     [java] Session ID: 7ed0bebfb911c0e04b8ea18521904740
     [java]   TCKLiferayTestDriver.test:178 Test case V2DispatcherReqRespTests1_SPEC2_19_ForwardJSPResourceRequest_getParameterMap failed.  Setup link could not be accessed. 
     [java] Exception: org.openqa.selenium.TimeoutException: Timed out after 3 seconds waiting for presence of any elements located by By.xpath: //*[@id='V2DispatcherReqRespTests1_SPEC2_19_ForwardJSPResourceRequest_getParameterMap-result'] | //*[@id='V2DispatcherReqRespTests1_SPEC2_19_ForwardJSPResourceRequest_getParameterMap-clickme']
     [java] Build info: version: '2.53.1', revision: 'a36b8b1cd5757287168e54b817830adce9b0158d', time: '2016-06-30 19:26:09'
     [java] System info: host: 'first-liferay.local', ip: '192.168.0.4', os.name: 'Mac OS X', os.arch: 'x86_64', os.version: '10.13.3', java.version: '1.8.0_112'
     [java] Driver info: org.openqa.selenium.chrome.ChromeDriver
     [java] Capabilities [{applicationCacheEnabled=false, rotatable=false, mobileEmulationEnabled=false, networkConnectionEnabled=false, chrome={chromedriverVersion=2.29.461585 (0be2cd95f834e9ee7c46bcc7cf405b483f5ae83b), userDataDir=/var/folders/k0/dstgl9bn04n39ycq5yvdwjnr0000gn/T/.org.chromium.Chromium.XiChfP}, takesHeapSnapshot=true, pageLoadStrategy=normal, databaseEnabled=false, handlesAlerts=true, hasTouchScreen=false, version=59.0.3064.0, platform=MAC, browserConnectionEnabled=false, nativeEvents=true, acceptSslCerts=true, locationContextEnabled=true, webStorageEnabled=true, browserName=chrome, takesScreenshot=true, javascriptEnabled=true, cssSelectorsEnabled=true, unexpectedAlertBehaviour=}]
     [java] Session ID: 7ed0bebfb911c0e04b8ea18521904740
     [java]   TCKLiferayTestDriver.test:178 Test case V2DispatcherReqRespTests1_SPEC2_19_ForwardJSPResourceRequest_getParameterNames failed.  Setup link could not be accessed. 
     [java] Exception: org.openqa.selenium.TimeoutException: Timed out after 3 seconds waiting for presence of any elements located by By.xpath: //*[@id='V2DispatcherReqRespTests1_SPEC2_19_ForwardJSPResourceRequest_getParameterNames-result'] | //*[@id='V2DispatcherReqRespTests1_SPEC2_19_ForwardJSPResourceRequest_getParameterNames-clickme']
     [java] Build info: version: '2.53.1', revision: 'a36b8b1cd5757287168e54b817830adce9b0158d', time: '2016-06-30 19:26:09'
     [java] System info: host: 'first-liferay.local', ip: '192.168.0.4', os.name: 'Mac OS X', os.arch: 'x86_64', os.version: '10.13.3', java.version: '1.8.0_112'
     [java] Driver info: org.openqa.selenium.chrome.ChromeDriver
     [java] Capabilities [{applicationCacheEnabled=false, rotatable=false, mobileEmulationEnabled=false, networkConnectionEnabled=false, chrome={chromedriverVersion=2.29.461585 (0be2cd95f834e9ee7c46bcc7cf405b483f5ae83b), userDataDir=/var/folders/k0/dstgl9bn04n39ycq5yvdwjnr0000gn/T/.org.chromium.Chromium.XiChfP}, takesHeapSnapshot=true, pageLoadStrategy=normal, databaseEnabled=false, handlesAlerts=true, hasTouchScreen=false, version=59.0.3064.0, platform=MAC, browserConnectionEnabled=false, nativeEvents=true, acceptSslCerts=true, locationContextEnabled=true, webStorageEnabled=true, browserName=chrome, takesScreenshot=true, javascriptEnabled=true, cssSelectorsEnabled=true, unexpectedAlertBehaviour=}]
     [java] Session ID: 7ed0bebfb911c0e04b8ea18521904740
     [java]   TCKLiferayTestDriver.test:178 Test case V2DispatcherReqRespTests1_SPEC2_19_ForwardJSPResourceRequest_getParameterValues failed.  Setup link could not be accessed. 
     [java] Exception: org.openqa.selenium.TimeoutException: Timed out after 3 seconds waiting for presence of any elements located by By.xpath: //*[@id='V2DispatcherReqRespTests1_SPEC2_19_ForwardJSPResourceRequest_getParameterValues-result'] | //*[@id='V2DispatcherReqRespTests1_SPEC2_19_ForwardJSPResourceRequest_getParameterValues-clickme']
     [java] Build info: version: '2.53.1', revision: 'a36b8b1cd5757287168e54b817830adce9b0158d', time: '2016-06-30 19:26:09'
     [java] System info: host: 'first-liferay.local', ip: '192.168.0.4', os.name: 'Mac OS X', os.arch: 'x86_64', os.version: '10.13.3', java.version: '1.8.0_112'
     [java] Driver info: org.openqa.selenium.chrome.ChromeDriver
     [java] Capabilities [{applicationCacheEnabled=false, rotatable=false, mobileEmulationEnabled=false, networkConnectionEnabled=false, chrome={chromedriverVersion=2.29.461585 (0be2cd95f834e9ee7c46bcc7cf405b483f5ae83b), userDataDir=/var/folders/k0/dstgl9bn04n39ycq5yvdwjnr0000gn/T/.org.chromium.Chromium.XiChfP}, takesHeapSnapshot=true, pageLoadStrategy=normal, databaseEnabled=false, handlesAlerts=true, hasTouchScreen=false, version=59.0.3064.0, platform=MAC, browserConnectionEnabled=false, nativeEvents=true, acceptSslCerts=true, locationContextEnabled=true, webStorageEnabled=true, browserName=chrome, takesScreenshot=true, javascriptEnabled=true, cssSelectorsEnabled=true, unexpectedAlertBehaviour=}]